
bin/main.elf:     file format elf32-littlearm


Disassembly of section .text:

080000c8 <__cxa_pure_virtual>:
 80000c8:	e7fe      	b.n	80000c8 <__cxa_pure_virtual>

080000ca <_Znwj>:
 80000ca:	2000      	movs	r0, #0
 80000cc:	4770      	bx	lr

080000ce <_ZdlPv>:
 80000ce:	4770      	bx	lr

080000d0 <_Z13setup_outputsv>:
 80000d0:	4770      	bx	lr

080000d2 <_Z12setup_eventsv>:
 80000d2:	b538      	push	{r3, r4, r5, lr}
 80000d4:	4c0d      	ldr	r4, [pc, #52]	; (800010c <_Z12setup_eventsv+0x3a>)
 80000d6:	25c0      	movs	r5, #192	; 0xc0
 80000d8:	6a23      	ldr	r3, [r4, #32]
 80000da:	062d      	lsls	r5, r5, #24
 80000dc:	0218      	lsls	r0, r3, #8
 80000de:	0a01      	lsrs	r1, r0, #8
 80000e0:	4a0b      	ldr	r2, [pc, #44]	; (8000110 <_Z12setup_eventsv+0x3e>)
 80000e2:	4329      	orrs	r1, r5
 80000e4:	6221      	str	r1, [r4, #32]
 80000e6:	23fa      	movs	r3, #250	; 0xfa
 80000e8:	6810      	ldr	r0, [r2, #0]
 80000ea:	0099      	lsls	r1, r3, #2
 80000ec:	f000 f942 	bl	8000374 <__aeabi_uidiv>
 80000f0:	4908      	ldr	r1, [pc, #32]	; (8000114 <_Z12setup_eventsv+0x42>)
 80000f2:	3801      	subs	r0, #1
 80000f4:	6048      	str	r0, [r1, #4]
 80000f6:	6a20      	ldr	r0, [r4, #32]
 80000f8:	0202      	lsls	r2, r0, #8
 80000fa:	0a13      	lsrs	r3, r2, #8
 80000fc:	431d      	orrs	r5, r3
 80000fe:	6225      	str	r5, [r4, #32]
 8000100:	2507      	movs	r5, #7
 8000102:	2400      	movs	r4, #0
 8000104:	608c      	str	r4, [r1, #8]
 8000106:	600d      	str	r5, [r1, #0]
 8000108:	bd38      	pop	{r3, r4, r5, pc}
 800010a:	46c0      	nop			; (mov r8, r8)
 800010c:	e000ed00 	.word	0xe000ed00
 8000110:	20000004 	.word	0x20000004
 8000114:	e000e010 	.word	0xe000e010

08000118 <_Z12setup_inputsv>:
 8000118:	4770      	bx	lr

0800011a <setup>:
 800011a:	b508      	push	{r3, lr}
 800011c:	f7ff ffd9 	bl	80000d2 <_Z12setup_eventsv>
 8000120:	bd08      	pop	{r3, pc}
 8000122:	46c0      	nop			; (mov r8, r8)

08000124 <_sbrk>:
 8000124:	4a08      	ldr	r2, [pc, #32]	; (8000148 <_sbrk+0x24>)
 8000126:	b508      	push	{r3, lr}
 8000128:	6813      	ldr	r3, [r2, #0]
 800012a:	4908      	ldr	r1, [pc, #32]	; (800014c <_sbrk+0x28>)
 800012c:	1818      	adds	r0, r3, r0
 800012e:	4288      	cmp	r0, r1
 8000130:	d906      	bls.n	8000140 <_sbrk+0x1c>
 8000132:	f000 fe1f 	bl	8000d74 <__errno>
 8000136:	220c      	movs	r2, #12
 8000138:	2301      	movs	r3, #1
 800013a:	6002      	str	r2, [r0, #0]
 800013c:	425b      	negs	r3, r3
 800013e:	e000      	b.n	8000142 <_sbrk+0x1e>
 8000140:	6010      	str	r0, [r2, #0]
 8000142:	1c18      	adds	r0, r3, #0
 8000144:	bd08      	pop	{r3, pc}
 8000146:	46c0      	nop			; (mov r8, r8)
 8000148:	20000000 	.word	0x20000000
 800014c:	200007a8 	.word	0x200007a8

08000150 <SystemInit>:
 8000150:	4b33      	ldr	r3, [pc, #204]	; (8000220 <SystemInit+0xd0>)
 8000152:	b513      	push	{r0, r1, r4, lr}
 8000154:	6819      	ldr	r1, [r3, #0]
 8000156:	2201      	movs	r2, #1
 8000158:	4311      	orrs	r1, r2
 800015a:	6019      	str	r1, [r3, #0]
 800015c:	6858      	ldr	r0, [r3, #4]
 800015e:	4c31      	ldr	r4, [pc, #196]	; (8000224 <SystemInit+0xd4>)
 8000160:	4931      	ldr	r1, [pc, #196]	; (8000228 <SystemInit+0xd8>)
 8000162:	4004      	ands	r4, r0
 8000164:	605c      	str	r4, [r3, #4]
 8000166:	6818      	ldr	r0, [r3, #0]
 8000168:	4001      	ands	r1, r0
 800016a:	6019      	str	r1, [r3, #0]
 800016c:	681c      	ldr	r4, [r3, #0]
 800016e:	482f      	ldr	r0, [pc, #188]	; (800022c <SystemInit+0xdc>)
 8000170:	492f      	ldr	r1, [pc, #188]	; (8000230 <SystemInit+0xe0>)
 8000172:	4020      	ands	r0, r4
 8000174:	6018      	str	r0, [r3, #0]
 8000176:	685c      	ldr	r4, [r3, #4]
 8000178:	400c      	ands	r4, r1
 800017a:	605c      	str	r4, [r3, #4]
 800017c:	6ad8      	ldr	r0, [r3, #44]	; 0x2c
 800017e:	240f      	movs	r4, #15
 8000180:	43a0      	bics	r0, r4
 8000182:	62d8      	str	r0, [r3, #44]	; 0x2c
 8000184:	6b1c      	ldr	r4, [r3, #48]	; 0x30
 8000186:	482b      	ldr	r0, [pc, #172]	; (8000234 <SystemInit+0xe4>)
 8000188:	4020      	ands	r0, r4
 800018a:	6318      	str	r0, [r3, #48]	; 0x30
 800018c:	6b5c      	ldr	r4, [r3, #52]	; 0x34
 800018e:	2000      	movs	r0, #0
 8000190:	4394      	bics	r4, r2
 8000192:	635c      	str	r4, [r3, #52]	; 0x34
 8000194:	6098      	str	r0, [r3, #8]
 8000196:	9000      	str	r0, [sp, #0]
 8000198:	9001      	str	r0, [sp, #4]
 800019a:	681c      	ldr	r4, [r3, #0]
 800019c:	2280      	movs	r2, #128	; 0x80
 800019e:	0250      	lsls	r0, r2, #9
 80001a0:	4320      	orrs	r0, r4
 80001a2:	6018      	str	r0, [r3, #0]
 80001a4:	681c      	ldr	r4, [r3, #0]
 80001a6:	2280      	movs	r2, #128	; 0x80
 80001a8:	0292      	lsls	r2, r2, #10
 80001aa:	4014      	ands	r4, r2
 80001ac:	9401      	str	r4, [sp, #4]
 80001ae:	9800      	ldr	r0, [sp, #0]
 80001b0:	3001      	adds	r0, #1
 80001b2:	9000      	str	r0, [sp, #0]
 80001b4:	9c01      	ldr	r4, [sp, #4]
 80001b6:	2c00      	cmp	r4, #0
 80001b8:	d104      	bne.n	80001c4 <SystemInit+0x74>
 80001ba:	9c00      	ldr	r4, [sp, #0]
 80001bc:	20a0      	movs	r0, #160	; 0xa0
 80001be:	01c0      	lsls	r0, r0, #7
 80001c0:	4284      	cmp	r4, r0
 80001c2:	d1ef      	bne.n	80001a4 <SystemInit+0x54>
 80001c4:	681c      	ldr	r4, [r3, #0]
 80001c6:	4022      	ands	r2, r4
 80001c8:	d000      	beq.n	80001cc <SystemInit+0x7c>
 80001ca:	2201      	movs	r2, #1
 80001cc:	9201      	str	r2, [sp, #4]
 80001ce:	9a01      	ldr	r2, [sp, #4]
 80001d0:	2a01      	cmp	r2, #1
 80001d2:	d124      	bne.n	800021e <SystemInit+0xce>
 80001d4:	4c18      	ldr	r4, [pc, #96]	; (8000238 <SystemInit+0xe8>)
 80001d6:	2011      	movs	r0, #17
 80001d8:	6020      	str	r0, [r4, #0]
 80001da:	685a      	ldr	r2, [r3, #4]
 80001dc:	605a      	str	r2, [r3, #4]
 80001de:	685c      	ldr	r4, [r3, #4]
 80001e0:	605c      	str	r4, [r3, #4]
 80001e2:	685a      	ldr	r2, [r3, #4]
 80001e4:	2488      	movs	r4, #136	; 0x88
 80001e6:	4011      	ands	r1, r2
 80001e8:	6059      	str	r1, [r3, #4]
 80001ea:	6859      	ldr	r1, [r3, #4]
 80001ec:	0362      	lsls	r2, r4, #13
 80001ee:	430a      	orrs	r2, r1
 80001f0:	605a      	str	r2, [r3, #4]
 80001f2:	6819      	ldr	r1, [r3, #0]
 80001f4:	2480      	movs	r4, #128	; 0x80
 80001f6:	4084      	lsls	r4, r0
 80001f8:	430c      	orrs	r4, r1
 80001fa:	601c      	str	r4, [r3, #0]
 80001fc:	6818      	ldr	r0, [r3, #0]
 80001fe:	4a08      	ldr	r2, [pc, #32]	; (8000220 <SystemInit+0xd0>)
 8000200:	0180      	lsls	r0, r0, #6
 8000202:	d5fb      	bpl.n	80001fc <SystemInit+0xac>
 8000204:	6851      	ldr	r1, [r2, #4]
 8000206:	2403      	movs	r4, #3
 8000208:	43a1      	bics	r1, r4
 800020a:	6051      	str	r1, [r2, #4]
 800020c:	6851      	ldr	r1, [r2, #4]
 800020e:	2002      	movs	r0, #2
 8000210:	4301      	orrs	r1, r0
 8000212:	6051      	str	r1, [r2, #4]
 8000214:	685c      	ldr	r4, [r3, #4]
 8000216:	220c      	movs	r2, #12
 8000218:	4022      	ands	r2, r4
 800021a:	2a08      	cmp	r2, #8
 800021c:	d1fa      	bne.n	8000214 <SystemInit+0xc4>
 800021e:	bd13      	pop	{r0, r1, r4, pc}
 8000220:	40021000 	.word	0x40021000
 8000224:	f8ffb80c 	.word	0xf8ffb80c
 8000228:	fef6ffff 	.word	0xfef6ffff
 800022c:	fffbffff 	.word	0xfffbffff
 8000230:	ffc0ffff 	.word	0xffc0ffff
 8000234:	fffffeac 	.word	0xfffffeac
 8000238:	40022000 	.word	0x40022000

0800023c <SystemCoreClockUpdate>:
 800023c:	b570      	push	{r4, r5, r6, lr}
 800023e:	4d14      	ldr	r5, [pc, #80]	; (8000290 <SystemCoreClockUpdate+0x54>)
 8000240:	230c      	movs	r3, #12
 8000242:	686a      	ldr	r2, [r5, #4]
 8000244:	4c13      	ldr	r4, [pc, #76]	; (8000294 <SystemCoreClockUpdate+0x58>)
 8000246:	4013      	ands	r3, r2
 8000248:	2b04      	cmp	r3, #4
 800024a:	d001      	beq.n	8000250 <SystemCoreClockUpdate+0x14>
 800024c:	2b08      	cmp	r3, #8
 800024e:	d002      	beq.n	8000256 <SystemCoreClockUpdate+0x1a>
 8000250:	4811      	ldr	r0, [pc, #68]	; (8000298 <SystemCoreClockUpdate+0x5c>)
 8000252:	6020      	str	r0, [r4, #0]
 8000254:	e012      	b.n	800027c <SystemCoreClockUpdate+0x40>
 8000256:	686e      	ldr	r6, [r5, #4]
 8000258:	6868      	ldr	r0, [r5, #4]
 800025a:	02b1      	lsls	r1, r6, #10
 800025c:	0f0e      	lsrs	r6, r1, #28
 800025e:	3602      	adds	r6, #2
 8000260:	03c2      	lsls	r2, r0, #15
 8000262:	d402      	bmi.n	800026a <SystemCoreClockUpdate+0x2e>
 8000264:	4b0d      	ldr	r3, [pc, #52]	; (800029c <SystemCoreClockUpdate+0x60>)
 8000266:	435e      	muls	r6, r3
 8000268:	e007      	b.n	800027a <SystemCoreClockUpdate+0x3e>
 800026a:	6ae9      	ldr	r1, [r5, #44]	; 0x2c
 800026c:	220f      	movs	r2, #15
 800026e:	4011      	ands	r1, r2
 8000270:	3101      	adds	r1, #1
 8000272:	4809      	ldr	r0, [pc, #36]	; (8000298 <SystemCoreClockUpdate+0x5c>)
 8000274:	f000 f87e 	bl	8000374 <__aeabi_uidiv>
 8000278:	4346      	muls	r6, r0
 800027a:	6026      	str	r6, [r4, #0]
 800027c:	686d      	ldr	r5, [r5, #4]
 800027e:	6820      	ldr	r0, [r4, #0]
 8000280:	0629      	lsls	r1, r5, #24
 8000282:	0f0e      	lsrs	r6, r1, #28
 8000284:	19a2      	adds	r2, r4, r6
 8000286:	7913      	ldrb	r3, [r2, #4]
 8000288:	40d8      	lsrs	r0, r3
 800028a:	6020      	str	r0, [r4, #0]
 800028c:	bd70      	pop	{r4, r5, r6, pc}
 800028e:	46c0      	nop			; (mov r8, r8)
 8000290:	40021000 	.word	0x40021000
 8000294:	20000004 	.word	0x20000004
 8000298:	007a1200 	.word	0x007a1200
 800029c:	003d0900 	.word	0x003d0900

080002a0 <_Z6millisv>:
 80002a0:	4b01      	ldr	r3, [pc, #4]	; (80002a8 <_Z6millisv+0x8>)
 80002a2:	6818      	ldr	r0, [r3, #0]
 80002a4:	4770      	bx	lr
 80002a6:	46c0      	nop			; (mov r8, r8)
 80002a8:	20000448 	.word	0x20000448

080002ac <SysTick_Handler>:
 80002ac:	b508      	push	{r3, lr}
 80002ae:	4b03      	ldr	r3, [pc, #12]	; (80002bc <SysTick_Handler+0x10>)
 80002b0:	681a      	ldr	r2, [r3, #0]
 80002b2:	3201      	adds	r2, #1
 80002b4:	601a      	str	r2, [r3, #0]
 80002b6:	f000 f811 	bl	80002dc <_Z14do_event_ticksv>
 80002ba:	bd08      	pop	{r3, pc}
 80002bc:	20000448 	.word	0x20000448

080002c0 <USART2_IRQHandler>:
 80002c0:	b508      	push	{r3, lr}
 80002c2:	f000 fbef 	bl	8000aa4 <_ZN4quan5stm325usart11irq_handlerINS0_11serial_portINS1_6moduleILm1073759232EEELj200ELj200ENS_3mcu3pinINS0_4gpio6moduleILm1207959552EEELm14EEENS7_ISA_Lm15EEEEEEEvv>
 80002c6:	bd08      	pop	{r3, pc}

080002c8 <USART1_IRQHandler>:
 80002c8:	b508      	push	{r3, lr}
 80002ca:	f000 fc21 	bl	8000b10 <_ZN4quan5stm325usart11irq_handlerINS0_11serial_portINS1_6moduleILm1073821696EEELj200ELj200ENS_3mcu3pinINS0_4gpio6moduleILm1207959552EEELm9EEENS7_ISA_Lm10EEEEEEEvv>
 80002ce:	bd08      	pop	{r3, pc}

080002d0 <_Z9set_eventmP14periodic_event>:
 80002d0:	4b01      	ldr	r3, [pc, #4]	; (80002d8 <_Z9set_eventmP14periodic_event+0x8>)
 80002d2:	0080      	lsls	r0, r0, #2
 80002d4:	50c1      	str	r1, [r0, r3]
 80002d6:	4770      	bx	lr
 80002d8:	2000044c 	.word	0x2000044c

080002dc <_Z14do_event_ticksv>:
 80002dc:	b510      	push	{r4, lr}
 80002de:	4a0b      	ldr	r2, [pc, #44]	; (800030c <_Z14do_event_ticksv+0x30>)
 80002e0:	1c10      	adds	r0, r2, #0
 80002e2:	ca08      	ldmia	r2!, {r3}
 80002e4:	2b00      	cmp	r3, #0
 80002e6:	d00c      	beq.n	8000302 <_Z14do_event_ticksv+0x26>
 80002e8:	7b59      	ldrb	r1, [r3, #13]
 80002ea:	2900      	cmp	r1, #0
 80002ec:	d009      	beq.n	8000302 <_Z14do_event_ticksv+0x26>
 80002ee:	6819      	ldr	r1, [r3, #0]
 80002f0:	685c      	ldr	r4, [r3, #4]
 80002f2:	3101      	adds	r1, #1
 80002f4:	6019      	str	r1, [r3, #0]
 80002f6:	42a1      	cmp	r1, r4
 80002f8:	d303      	bcc.n	8000302 <_Z14do_event_ticksv+0x26>
 80002fa:	2101      	movs	r1, #1
 80002fc:	2400      	movs	r4, #0
 80002fe:	7319      	strb	r1, [r3, #12]
 8000300:	601c      	str	r4, [r3, #0]
 8000302:	1c03      	adds	r3, r0, #0
 8000304:	330c      	adds	r3, #12
 8000306:	429a      	cmp	r2, r3
 8000308:	d1eb      	bne.n	80002e2 <_Z14do_event_ticksv+0x6>
 800030a:	bd10      	pop	{r4, pc}
 800030c:	2000044c 	.word	0x2000044c

08000310 <_Z14service_eventsv>:
 8000310:	b538      	push	{r3, r4, r5, lr}
 8000312:	4c0a      	ldr	r4, [pc, #40]	; (800033c <_Z14service_eventsv+0x2c>)
 8000314:	1c25      	adds	r5, r4, #0
 8000316:	cc08      	ldmia	r4!, {r3}
 8000318:	2b00      	cmp	r3, #0
 800031a:	d009      	beq.n	8000330 <_Z14service_eventsv+0x20>
 800031c:	7b5a      	ldrb	r2, [r3, #13]
 800031e:	2a00      	cmp	r2, #0
 8000320:	d006      	beq.n	8000330 <_Z14service_eventsv+0x20>
 8000322:	7b18      	ldrb	r0, [r3, #12]
 8000324:	2800      	cmp	r0, #0
 8000326:	d003      	beq.n	8000330 <_Z14service_eventsv+0x20>
 8000328:	2100      	movs	r1, #0
 800032a:	7319      	strb	r1, [r3, #12]
 800032c:	689b      	ldr	r3, [r3, #8]
 800032e:	4798      	blx	r3
 8000330:	1c2a      	adds	r2, r5, #0
 8000332:	320c      	adds	r2, #12
 8000334:	4294      	cmp	r4, r2
 8000336:	d1ee      	bne.n	8000316 <_Z14service_eventsv+0x6>
 8000338:	bd38      	pop	{r3, r4, r5, pc}
 800033a:	46c0      	nop			; (mov r8, r8)
 800033c:	2000044c 	.word	0x2000044c
 8000340:	08000ec4 	.word	0x08000ec4
 8000344:	20000000 	.word	0x20000000
 8000348:	20000444 	.word	0x20000444
 800034c:	20000444 	.word	0x20000444
 8000350:	200007a8 	.word	0x200007a8

08000354 <_ZN8quan_apm3gpsC1Ev>:
 8000354:	4b01      	ldr	r3, [pc, #4]	; (800035c <_ZN8quan_apm3gpsC1Ev+0x8>)
 8000356:	6003      	str	r3, [r0, #0]
 8000358:	4770      	bx	lr
 800035a:	46c0      	nop			; (mov r8, r8)
 800035c:	08000e58 	.word	0x08000e58

08000360 <_ZN8quan_apm7get_gpsEv>:
 8000360:	b508      	push	{r3, lr}
 8000362:	2004      	movs	r0, #4
 8000364:	f7ff feb1 	bl	80000ca <_Znwj>
 8000368:	4b01      	ldr	r3, [pc, #4]	; (8000370 <_ZN8quan_apm7get_gpsEv+0x10>)
 800036a:	6003      	str	r3, [r0, #0]
 800036c:	bd08      	pop	{r3, pc}
 800036e:	46c0      	nop			; (mov r8, r8)
 8000370:	08000e80 	.word	0x08000e80

08000374 <__aeabi_uidiv>:
 8000374:	2900      	cmp	r1, #0
 8000376:	d034      	beq.n	80003e2 <.udivsi3_skip_div0_test+0x6a>

08000378 <.udivsi3_skip_div0_test>:
 8000378:	2301      	movs	r3, #1
 800037a:	2200      	movs	r2, #0
 800037c:	b410      	push	{r4}
 800037e:	4288      	cmp	r0, r1
 8000380:	d32c      	bcc.n	80003dc <.udivsi3_skip_div0_test+0x64>
 8000382:	2401      	movs	r4, #1
 8000384:	0724      	lsls	r4, r4, #28
 8000386:	42a1      	cmp	r1, r4
 8000388:	d204      	bcs.n	8000394 <.udivsi3_skip_div0_test+0x1c>
 800038a:	4281      	cmp	r1, r0
 800038c:	d202      	bcs.n	8000394 <.udivsi3_skip_div0_test+0x1c>
 800038e:	0109      	lsls	r1, r1, #4
 8000390:	011b      	lsls	r3, r3, #4
 8000392:	e7f8      	b.n	8000386 <.udivsi3_skip_div0_test+0xe>
 8000394:	00e4      	lsls	r4, r4, #3
 8000396:	42a1      	cmp	r1, r4
 8000398:	d204      	bcs.n	80003a4 <.udivsi3_skip_div0_test+0x2c>
 800039a:	4281      	cmp	r1, r0
 800039c:	d202      	bcs.n	80003a4 <.udivsi3_skip_div0_test+0x2c>
 800039e:	0049      	lsls	r1, r1, #1
 80003a0:	005b      	lsls	r3, r3, #1
 80003a2:	e7f8      	b.n	8000396 <.udivsi3_skip_div0_test+0x1e>
 80003a4:	4288      	cmp	r0, r1
 80003a6:	d301      	bcc.n	80003ac <.udivsi3_skip_div0_test+0x34>
 80003a8:	1a40      	subs	r0, r0, r1
 80003aa:	431a      	orrs	r2, r3
 80003ac:	084c      	lsrs	r4, r1, #1
 80003ae:	42a0      	cmp	r0, r4
 80003b0:	d302      	bcc.n	80003b8 <.udivsi3_skip_div0_test+0x40>
 80003b2:	1b00      	subs	r0, r0, r4
 80003b4:	085c      	lsrs	r4, r3, #1
 80003b6:	4322      	orrs	r2, r4
 80003b8:	088c      	lsrs	r4, r1, #2
 80003ba:	42a0      	cmp	r0, r4
 80003bc:	d302      	bcc.n	80003c4 <.udivsi3_skip_div0_test+0x4c>
 80003be:	1b00      	subs	r0, r0, r4
 80003c0:	089c      	lsrs	r4, r3, #2
 80003c2:	4322      	orrs	r2, r4
 80003c4:	08cc      	lsrs	r4, r1, #3
 80003c6:	42a0      	cmp	r0, r4
 80003c8:	d302      	bcc.n	80003d0 <.udivsi3_skip_div0_test+0x58>
 80003ca:	1b00      	subs	r0, r0, r4
 80003cc:	08dc      	lsrs	r4, r3, #3
 80003ce:	4322      	orrs	r2, r4
 80003d0:	2800      	cmp	r0, #0
 80003d2:	d003      	beq.n	80003dc <.udivsi3_skip_div0_test+0x64>
 80003d4:	091b      	lsrs	r3, r3, #4
 80003d6:	d001      	beq.n	80003dc <.udivsi3_skip_div0_test+0x64>
 80003d8:	0909      	lsrs	r1, r1, #4
 80003da:	e7e3      	b.n	80003a4 <.udivsi3_skip_div0_test+0x2c>
 80003dc:	1c10      	adds	r0, r2, #0
 80003de:	bc10      	pop	{r4}
 80003e0:	4770      	bx	lr
 80003e2:	2800      	cmp	r0, #0
 80003e4:	d001      	beq.n	80003ea <.udivsi3_skip_div0_test+0x72>
 80003e6:	2000      	movs	r0, #0
 80003e8:	43c0      	mvns	r0, r0
 80003ea:	b407      	push	{r0, r1, r2}
 80003ec:	4802      	ldr	r0, [pc, #8]	; (80003f8 <.udivsi3_skip_div0_test+0x80>)
 80003ee:	a102      	add	r1, pc, #8	; (adr r1, 80003f8 <.udivsi3_skip_div0_test+0x80>)
 80003f0:	1840      	adds	r0, r0, r1
 80003f2:	9002      	str	r0, [sp, #8]
 80003f4:	bd03      	pop	{r0, r1, pc}
 80003f6:	46c0      	nop			; (mov r8, r8)
 80003f8:	00000019 	.word	0x00000019

080003fc <__aeabi_uidivmod>:
 80003fc:	2900      	cmp	r1, #0
 80003fe:	d0f0      	beq.n	80003e2 <.udivsi3_skip_div0_test+0x6a>
 8000400:	b503      	push	{r0, r1, lr}
 8000402:	f7ff ffb9 	bl	8000378 <.udivsi3_skip_div0_test>
 8000406:	bc0e      	pop	{r1, r2, r3}
 8000408:	4342      	muls	r2, r0
 800040a:	1a89      	subs	r1, r1, r2
 800040c:	4718      	bx	r3
 800040e:	46c0      	nop			; (mov r8, r8)

08000410 <__aeabi_idiv0>:
 8000410:	4770      	bx	lr
 8000412:	46c0      	nop			; (mov r8, r8)

08000414 <__aeabi_cfrcmple>:
 8000414:	4684      	mov	ip, r0
 8000416:	1c08      	adds	r0, r1, #0
 8000418:	4661      	mov	r1, ip
 800041a:	e7ff      	b.n	800041c <__aeabi_cfcmpeq>

0800041c <__aeabi_cfcmpeq>:
 800041c:	b51f      	push	{r0, r1, r2, r3, r4, lr}
 800041e:	f000 f8a3 	bl	8000568 <__lesf2>
 8000422:	2800      	cmp	r0, #0
 8000424:	d401      	bmi.n	800042a <__aeabi_cfcmpeq+0xe>
 8000426:	2100      	movs	r1, #0
 8000428:	42c8      	cmn	r0, r1
 800042a:	bd1f      	pop	{r0, r1, r2, r3, r4, pc}

0800042c <__aeabi_fcmpeq>:
 800042c:	b510      	push	{r4, lr}
 800042e:	f000 f82b 	bl	8000488 <__eqsf2>
 8000432:	4240      	negs	r0, r0
 8000434:	3001      	adds	r0, #1
 8000436:	bd10      	pop	{r4, pc}

08000438 <__aeabi_fcmplt>:
 8000438:	b510      	push	{r4, lr}
 800043a:	f000 f895 	bl	8000568 <__lesf2>
 800043e:	2800      	cmp	r0, #0
 8000440:	db01      	blt.n	8000446 <__aeabi_fcmplt+0xe>
 8000442:	2000      	movs	r0, #0
 8000444:	bd10      	pop	{r4, pc}
 8000446:	2001      	movs	r0, #1
 8000448:	bd10      	pop	{r4, pc}
 800044a:	46c0      	nop			; (mov r8, r8)

0800044c <__aeabi_fcmple>:
 800044c:	b510      	push	{r4, lr}
 800044e:	f000 f88b 	bl	8000568 <__lesf2>
 8000452:	2800      	cmp	r0, #0
 8000454:	dd01      	ble.n	800045a <__aeabi_fcmple+0xe>
 8000456:	2000      	movs	r0, #0
 8000458:	bd10      	pop	{r4, pc}
 800045a:	2001      	movs	r0, #1
 800045c:	bd10      	pop	{r4, pc}
 800045e:	46c0      	nop			; (mov r8, r8)

08000460 <__aeabi_fcmpgt>:
 8000460:	b510      	push	{r4, lr}
 8000462:	f000 f839 	bl	80004d8 <__gesf2>
 8000466:	2800      	cmp	r0, #0
 8000468:	dc01      	bgt.n	800046e <__aeabi_fcmpgt+0xe>
 800046a:	2000      	movs	r0, #0
 800046c:	bd10      	pop	{r4, pc}
 800046e:	2001      	movs	r0, #1
 8000470:	bd10      	pop	{r4, pc}
 8000472:	46c0      	nop			; (mov r8, r8)

08000474 <__aeabi_fcmpge>:
 8000474:	b510      	push	{r4, lr}
 8000476:	f000 f82f 	bl	80004d8 <__gesf2>
 800047a:	2800      	cmp	r0, #0
 800047c:	da01      	bge.n	8000482 <__aeabi_fcmpge+0xe>
 800047e:	2000      	movs	r0, #0
 8000480:	bd10      	pop	{r4, pc}
 8000482:	2001      	movs	r0, #1
 8000484:	bd10      	pop	{r4, pc}
 8000486:	46c0      	nop			; (mov r8, r8)

08000488 <__eqsf2>:
 8000488:	0243      	lsls	r3, r0, #9
 800048a:	0042      	lsls	r2, r0, #1
 800048c:	b570      	push	{r4, r5, r6, lr}
 800048e:	0a5c      	lsrs	r4, r3, #9
 8000490:	0fc6      	lsrs	r6, r0, #31
 8000492:	0e13      	lsrs	r3, r2, #24
 8000494:	0248      	lsls	r0, r1, #9
 8000496:	004a      	lsls	r2, r1, #1
 8000498:	0a45      	lsrs	r5, r0, #9
 800049a:	0e12      	lsrs	r2, r2, #24
 800049c:	0fc9      	lsrs	r1, r1, #31
 800049e:	2bff      	cmp	r3, #255	; 0xff
 80004a0:	d005      	beq.n	80004ae <__eqsf2+0x26>
 80004a2:	2aff      	cmp	r2, #255	; 0xff
 80004a4:	d008      	beq.n	80004b8 <__eqsf2+0x30>
 80004a6:	2001      	movs	r0, #1
 80004a8:	4293      	cmp	r3, r2
 80004aa:	d00b      	beq.n	80004c4 <__eqsf2+0x3c>
 80004ac:	bd70      	pop	{r4, r5, r6, pc}
 80004ae:	2001      	movs	r0, #1
 80004b0:	2c00      	cmp	r4, #0
 80004b2:	d1fb      	bne.n	80004ac <__eqsf2+0x24>
 80004b4:	2aff      	cmp	r2, #255	; 0xff
 80004b6:	d1f6      	bne.n	80004a6 <__eqsf2+0x1e>
 80004b8:	2001      	movs	r0, #1
 80004ba:	2d00      	cmp	r5, #0
 80004bc:	d1f6      	bne.n	80004ac <__eqsf2+0x24>
 80004be:	2001      	movs	r0, #1
 80004c0:	4293      	cmp	r3, r2
 80004c2:	d1f3      	bne.n	80004ac <__eqsf2+0x24>
 80004c4:	42ac      	cmp	r4, r5
 80004c6:	d1f1      	bne.n	80004ac <__eqsf2+0x24>
 80004c8:	428e      	cmp	r6, r1
 80004ca:	d003      	beq.n	80004d4 <__eqsf2+0x4c>
 80004cc:	2b00      	cmp	r3, #0
 80004ce:	d1ed      	bne.n	80004ac <__eqsf2+0x24>
 80004d0:	2c00      	cmp	r4, #0
 80004d2:	d1eb      	bne.n	80004ac <__eqsf2+0x24>
 80004d4:	2000      	movs	r0, #0
 80004d6:	e7e9      	b.n	80004ac <__eqsf2+0x24>

080004d8 <__gesf2>:
 80004d8:	b5f0      	push	{r4, r5, r6, r7, lr}
 80004da:	0243      	lsls	r3, r0, #9
 80004dc:	0042      	lsls	r2, r0, #1
 80004de:	004f      	lsls	r7, r1, #1
 80004e0:	0fc6      	lsrs	r6, r0, #31
 80004e2:	0248      	lsls	r0, r1, #9
 80004e4:	0a5c      	lsrs	r4, r3, #9
 80004e6:	0a45      	lsrs	r5, r0, #9
 80004e8:	0e13      	lsrs	r3, r2, #24
 80004ea:	0fc9      	lsrs	r1, r1, #31
 80004ec:	0e3a      	lsrs	r2, r7, #24
 80004ee:	2bff      	cmp	r3, #255	; 0xff
 80004f0:	d026      	beq.n	8000540 <__gesf2+0x68>
 80004f2:	2aff      	cmp	r2, #255	; 0xff
 80004f4:	d029      	beq.n	800054a <__gesf2+0x72>
 80004f6:	2b00      	cmp	r3, #0
 80004f8:	d10c      	bne.n	8000514 <__gesf2+0x3c>
 80004fa:	4260      	negs	r0, r4
 80004fc:	4160      	adcs	r0, r4
 80004fe:	4684      	mov	ip, r0
 8000500:	2a00      	cmp	r2, #0
 8000502:	d00a      	beq.n	800051a <__gesf2+0x42>
 8000504:	2800      	cmp	r0, #0
 8000506:	d116      	bne.n	8000536 <__gesf2+0x5e>
 8000508:	428e      	cmp	r6, r1
 800050a:	d021      	beq.n	8000550 <__gesf2+0x78>
 800050c:	2e00      	cmp	r6, #0
 800050e:	d114      	bne.n	800053a <__gesf2+0x62>
 8000510:	2001      	movs	r0, #1
 8000512:	e014      	b.n	800053e <__gesf2+0x66>
 8000514:	2a00      	cmp	r2, #0
 8000516:	d1f7      	bne.n	8000508 <__gesf2+0x30>
 8000518:	4694      	mov	ip, r2
 800051a:	426f      	negs	r7, r5
 800051c:	416f      	adcs	r7, r5
 800051e:	4660      	mov	r0, ip
 8000520:	2800      	cmp	r0, #0
 8000522:	d105      	bne.n	8000530 <__gesf2+0x58>
 8000524:	2f00      	cmp	r7, #0
 8000526:	d0ef      	beq.n	8000508 <__gesf2+0x30>
 8000528:	2001      	movs	r0, #1
 800052a:	2e00      	cmp	r6, #0
 800052c:	d007      	beq.n	800053e <__gesf2+0x66>
 800052e:	e004      	b.n	800053a <__gesf2+0x62>
 8000530:	2000      	movs	r0, #0
 8000532:	2f00      	cmp	r7, #0
 8000534:	d103      	bne.n	800053e <__gesf2+0x66>
 8000536:	2900      	cmp	r1, #0
 8000538:	d1ea      	bne.n	8000510 <__gesf2+0x38>
 800053a:	2101      	movs	r1, #1
 800053c:	4248      	negs	r0, r1
 800053e:	bdf0      	pop	{r4, r5, r6, r7, pc}
 8000540:	2c00      	cmp	r4, #0
 8000542:	d0d6      	beq.n	80004f2 <__gesf2+0x1a>
 8000544:	2202      	movs	r2, #2
 8000546:	4250      	negs	r0, r2
 8000548:	e7f9      	b.n	800053e <__gesf2+0x66>
 800054a:	2d00      	cmp	r5, #0
 800054c:	d0d3      	beq.n	80004f6 <__gesf2+0x1e>
 800054e:	e7f9      	b.n	8000544 <__gesf2+0x6c>
 8000550:	4293      	cmp	r3, r2
 8000552:	dcdb      	bgt.n	800050c <__gesf2+0x34>
 8000554:	db04      	blt.n	8000560 <__gesf2+0x88>
 8000556:	42ac      	cmp	r4, r5
 8000558:	d8d8      	bhi.n	800050c <__gesf2+0x34>
 800055a:	2000      	movs	r0, #0
 800055c:	42ac      	cmp	r4, r5
 800055e:	d2ee      	bcs.n	800053e <__gesf2+0x66>
 8000560:	2e00      	cmp	r6, #0
 8000562:	d0ea      	beq.n	800053a <__gesf2+0x62>
 8000564:	2001      	movs	r0, #1
 8000566:	e7ea      	b.n	800053e <__gesf2+0x66>

08000568 <__lesf2>:
 8000568:	b5f0      	push	{r4, r5, r6, r7, lr}
 800056a:	0243      	lsls	r3, r0, #9
 800056c:	0042      	lsls	r2, r0, #1
 800056e:	004f      	lsls	r7, r1, #1
 8000570:	0fc6      	lsrs	r6, r0, #31
 8000572:	0248      	lsls	r0, r1, #9
 8000574:	0a5c      	lsrs	r4, r3, #9
 8000576:	0a45      	lsrs	r5, r0, #9
 8000578:	0e13      	lsrs	r3, r2, #24
 800057a:	0fc9      	lsrs	r1, r1, #31
 800057c:	0e3a      	lsrs	r2, r7, #24
 800057e:	2bff      	cmp	r3, #255	; 0xff
 8000580:	d026      	beq.n	80005d0 <__lesf2+0x68>
 8000582:	2aff      	cmp	r2, #255	; 0xff
 8000584:	d028      	beq.n	80005d8 <__lesf2+0x70>
 8000586:	2b00      	cmp	r3, #0
 8000588:	d00f      	beq.n	80005aa <__lesf2+0x42>
 800058a:	2a00      	cmp	r2, #0
 800058c:	d114      	bne.n	80005b8 <__lesf2+0x50>
 800058e:	4694      	mov	ip, r2
 8000590:	426f      	negs	r7, r5
 8000592:	416f      	adcs	r7, r5
 8000594:	4660      	mov	r0, ip
 8000596:	2800      	cmp	r0, #0
 8000598:	d014      	beq.n	80005c4 <__lesf2+0x5c>
 800059a:	2000      	movs	r0, #0
 800059c:	2f00      	cmp	r7, #0
 800059e:	d103      	bne.n	80005a8 <__lesf2+0x40>
 80005a0:	2900      	cmp	r1, #0
 80005a2:	d10d      	bne.n	80005c0 <__lesf2+0x58>
 80005a4:	2101      	movs	r1, #1
 80005a6:	4248      	negs	r0, r1
 80005a8:	bdf0      	pop	{r4, r5, r6, r7, pc}
 80005aa:	4260      	negs	r0, r4
 80005ac:	4160      	adcs	r0, r4
 80005ae:	4684      	mov	ip, r0
 80005b0:	2a00      	cmp	r2, #0
 80005b2:	d0ed      	beq.n	8000590 <__lesf2+0x28>
 80005b4:	2800      	cmp	r0, #0
 80005b6:	d1f3      	bne.n	80005a0 <__lesf2+0x38>
 80005b8:	428e      	cmp	r6, r1
 80005ba:	d011      	beq.n	80005e0 <__lesf2+0x78>
 80005bc:	2e00      	cmp	r6, #0
 80005be:	d1f1      	bne.n	80005a4 <__lesf2+0x3c>
 80005c0:	2001      	movs	r0, #1
 80005c2:	e7f1      	b.n	80005a8 <__lesf2+0x40>
 80005c4:	2f00      	cmp	r7, #0
 80005c6:	d0f7      	beq.n	80005b8 <__lesf2+0x50>
 80005c8:	2001      	movs	r0, #1
 80005ca:	2e00      	cmp	r6, #0
 80005cc:	d0ec      	beq.n	80005a8 <__lesf2+0x40>
 80005ce:	e7e9      	b.n	80005a4 <__lesf2+0x3c>
 80005d0:	2002      	movs	r0, #2
 80005d2:	2c00      	cmp	r4, #0
 80005d4:	d1e8      	bne.n	80005a8 <__lesf2+0x40>
 80005d6:	e7d4      	b.n	8000582 <__lesf2+0x1a>
 80005d8:	2002      	movs	r0, #2
 80005da:	2d00      	cmp	r5, #0
 80005dc:	d1e4      	bne.n	80005a8 <__lesf2+0x40>
 80005de:	e7d2      	b.n	8000586 <__lesf2+0x1e>
 80005e0:	4293      	cmp	r3, r2
 80005e2:	dceb      	bgt.n	80005bc <__lesf2+0x54>
 80005e4:	db04      	blt.n	80005f0 <__lesf2+0x88>
 80005e6:	42ac      	cmp	r4, r5
 80005e8:	d8e8      	bhi.n	80005bc <__lesf2+0x54>
 80005ea:	2000      	movs	r0, #0
 80005ec:	42ac      	cmp	r4, r5
 80005ee:	d2db      	bcs.n	80005a8 <__lesf2+0x40>
 80005f0:	2e00      	cmp	r6, #0
 80005f2:	d0d7      	beq.n	80005a4 <__lesf2+0x3c>
 80005f4:	2001      	movs	r0, #1
 80005f6:	e7d7      	b.n	80005a8 <__lesf2+0x40>

080005f8 <__aeabi_fsub>:
 80005f8:	b5f8      	push	{r3, r4, r5, r6, r7, lr}
 80005fa:	0243      	lsls	r3, r0, #9
 80005fc:	0045      	lsls	r5, r0, #1
 80005fe:	024f      	lsls	r7, r1, #9
 8000600:	004c      	lsls	r4, r1, #1
 8000602:	0fc2      	lsrs	r2, r0, #31
 8000604:	0998      	lsrs	r0, r3, #6
 8000606:	4684      	mov	ip, r0
 8000608:	0e2d      	lsrs	r5, r5, #24
 800060a:	0e20      	lsrs	r0, r4, #24
 800060c:	0fc9      	lsrs	r1, r1, #31
 800060e:	09bf      	lsrs	r7, r7, #6
 8000610:	28ff      	cmp	r0, #255	; 0xff
 8000612:	d054      	beq.n	80006be <__aeabi_fsub+0xc6>
 8000614:	2601      	movs	r6, #1
 8000616:	4071      	eors	r1, r6
 8000618:	428a      	cmp	r2, r1
 800061a:	d03b      	beq.n	8000694 <__aeabi_fsub+0x9c>
 800061c:	1a2c      	subs	r4, r5, r0
 800061e:	2c00      	cmp	r4, #0
 8000620:	dc00      	bgt.n	8000624 <__aeabi_fsub+0x2c>
 8000622:	e089      	b.n	8000738 <__aeabi_fsub+0x140>
 8000624:	2800      	cmp	r0, #0
 8000626:	d125      	bne.n	8000674 <__aeabi_fsub+0x7c>
 8000628:	2f00      	cmp	r7, #0
 800062a:	d14b      	bne.n	80006c4 <__aeabi_fsub+0xcc>
 800062c:	1c6e      	adds	r6, r5, #1
 800062e:	1c2c      	adds	r4, r5, #0
 8000630:	4663      	mov	r3, ip
 8000632:	1c15      	adds	r5, r2, #0
 8000634:	220f      	movs	r2, #15
 8000636:	401a      	ands	r2, r3
 8000638:	2a04      	cmp	r2, #4
 800063a:	d000      	beq.n	800063e <__aeabi_fsub+0x46>
 800063c:	3304      	adds	r3, #4
 800063e:	2780      	movs	r7, #128	; 0x80
 8000640:	04f9      	lsls	r1, r7, #19
 8000642:	2201      	movs	r2, #1
 8000644:	4019      	ands	r1, r3
 8000646:	402a      	ands	r2, r5
 8000648:	2900      	cmp	r1, #0
 800064a:	d006      	beq.n	800065a <__aeabi_fsub+0x62>
 800064c:	2eff      	cmp	r6, #255	; 0xff
 800064e:	d100      	bne.n	8000652 <__aeabi_fsub+0x5a>
 8000650:	e081      	b.n	8000756 <__aeabi_fsub+0x15e>
 8000652:	4db1      	ldr	r5, [pc, #708]	; (8000918 <__aeabi_fsub+0x320>)
 8000654:	1c34      	adds	r4, r6, #0
 8000656:	402b      	ands	r3, r5
 8000658:	3601      	adds	r6, #1
 800065a:	b2f6      	uxtb	r6, r6
 800065c:	08dd      	lsrs	r5, r3, #3
 800065e:	2e01      	cmp	r6, #1
 8000660:	dd62      	ble.n	8000728 <__aeabi_fsub+0x130>
 8000662:	026b      	lsls	r3, r5, #9
 8000664:	0a5d      	lsrs	r5, r3, #9
 8000666:	b2e4      	uxtb	r4, r4
 8000668:	05e4      	lsls	r4, r4, #23
 800066a:	4325      	orrs	r5, r4
 800066c:	1c28      	adds	r0, r5, #0
 800066e:	07d2      	lsls	r2, r2, #31
 8000670:	4310      	orrs	r0, r2
 8000672:	bdf8      	pop	{r3, r4, r5, r6, r7, pc}
 8000674:	2dff      	cmp	r5, #255	; 0xff
 8000676:	d051      	beq.n	800071c <__aeabi_fsub+0x124>
 8000678:	2180      	movs	r1, #128	; 0x80
 800067a:	04cb      	lsls	r3, r1, #19
 800067c:	431f      	orrs	r7, r3
 800067e:	2601      	movs	r6, #1
 8000680:	2c1b      	cmp	r4, #27
 8000682:	dd70      	ble.n	8000766 <__aeabi_fsub+0x16e>
 8000684:	4667      	mov	r7, ip
 8000686:	1c2c      	adds	r4, r5, #0
 8000688:	1bbb      	subs	r3, r7, r6
 800068a:	1c15      	adds	r5, r2, #0
 800068c:	0158      	lsls	r0, r3, #5
 800068e:	d422      	bmi.n	80006d6 <__aeabi_fsub+0xde>
 8000690:	1c66      	adds	r6, r4, #1
 8000692:	e7cf      	b.n	8000634 <__aeabi_fsub+0x3c>
 8000694:	1a2e      	subs	r6, r5, r0
 8000696:	2e00      	cmp	r6, #0
 8000698:	dd76      	ble.n	8000788 <__aeabi_fsub+0x190>
 800069a:	2800      	cmp	r0, #0
 800069c:	d032      	beq.n	8000704 <__aeabi_fsub+0x10c>
 800069e:	2dff      	cmp	r5, #255	; 0xff
 80006a0:	d03c      	beq.n	800071c <__aeabi_fsub+0x124>
 80006a2:	2480      	movs	r4, #128	; 0x80
 80006a4:	04e1      	lsls	r1, r4, #19
 80006a6:	430f      	orrs	r7, r1
 80006a8:	2301      	movs	r3, #1
 80006aa:	2e1b      	cmp	r6, #27
 80006ac:	dc00      	bgt.n	80006b0 <__aeabi_fsub+0xb8>
 80006ae:	e0d1      	b.n	8000854 <__aeabi_fsub+0x25c>
 80006b0:	4463      	add	r3, ip
 80006b2:	1c2c      	adds	r4, r5, #0
 80006b4:	0158      	lsls	r0, r3, #5
 80006b6:	d47a      	bmi.n	80007ae <__aeabi_fsub+0x1b6>
 80006b8:	1c66      	adds	r6, r4, #1
 80006ba:	1c15      	adds	r5, r2, #0
 80006bc:	e7ba      	b.n	8000634 <__aeabi_fsub+0x3c>
 80006be:	2f00      	cmp	r7, #0
 80006c0:	d1aa      	bne.n	8000618 <__aeabi_fsub+0x20>
 80006c2:	e7a7      	b.n	8000614 <__aeabi_fsub+0x1c>
 80006c4:	3c01      	subs	r4, #1
 80006c6:	2c00      	cmp	r4, #0
 80006c8:	d16d      	bne.n	80007a6 <__aeabi_fsub+0x1ae>
 80006ca:	4663      	mov	r3, ip
 80006cc:	1c2c      	adds	r4, r5, #0
 80006ce:	1bdb      	subs	r3, r3, r7
 80006d0:	1c15      	adds	r5, r2, #0
 80006d2:	0158      	lsls	r0, r3, #5
 80006d4:	d5dc      	bpl.n	8000690 <__aeabi_fsub+0x98>
 80006d6:	019a      	lsls	r2, r3, #6
 80006d8:	0996      	lsrs	r6, r2, #6
 80006da:	1c30      	adds	r0, r6, #0
 80006dc:	f000 f986 	bl	80009ec <__clzsi2>
 80006e0:	3805      	subs	r0, #5
 80006e2:	4086      	lsls	r6, r0
 80006e4:	4284      	cmp	r4, r0
 80006e6:	dc39      	bgt.n	800075c <__aeabi_fsub+0x164>
 80006e8:	1b00      	subs	r0, r0, r4
 80006ea:	231f      	movs	r3, #31
 80006ec:	1a1a      	subs	r2, r3, r0
 80006ee:	1c33      	adds	r3, r6, #0
 80006f0:	1c31      	adds	r1, r6, #0
 80006f2:	1c44      	adds	r4, r0, #1
 80006f4:	4093      	lsls	r3, r2
 80006f6:	40e1      	lsrs	r1, r4
 80006f8:	1e5e      	subs	r6, r3, #1
 80006fa:	41b3      	sbcs	r3, r6
 80006fc:	430b      	orrs	r3, r1
 80006fe:	2601      	movs	r6, #1
 8000700:	2400      	movs	r4, #0
 8000702:	e797      	b.n	8000634 <__aeabi_fsub+0x3c>
 8000704:	2f00      	cmp	r7, #0
 8000706:	d100      	bne.n	800070a <__aeabi_fsub+0x112>
 8000708:	e790      	b.n	800062c <__aeabi_fsub+0x34>
 800070a:	3e01      	subs	r6, #1
 800070c:	2e00      	cmp	r6, #0
 800070e:	d103      	bne.n	8000718 <__aeabi_fsub+0x120>
 8000710:	4664      	mov	r4, ip
 8000712:	193b      	adds	r3, r7, r4
 8000714:	1c2c      	adds	r4, r5, #0
 8000716:	e7cd      	b.n	80006b4 <__aeabi_fsub+0xbc>
 8000718:	2dff      	cmp	r5, #255	; 0xff
 800071a:	d1c5      	bne.n	80006a8 <__aeabi_fsub+0xb0>
 800071c:	1c15      	adds	r5, r2, #0
 800071e:	2280      	movs	r2, #128	; 0x80
 8000720:	4663      	mov	r3, ip
 8000722:	0056      	lsls	r6, r2, #1
 8000724:	24ff      	movs	r4, #255	; 0xff
 8000726:	e785      	b.n	8000634 <__aeabi_fsub+0x3c>
 8000728:	2d00      	cmp	r5, #0
 800072a:	d09c      	beq.n	8000666 <__aeabi_fsub+0x6e>
 800072c:	2c00      	cmp	r4, #0
 800072e:	d028      	beq.n	8000782 <__aeabi_fsub+0x18a>
 8000730:	2080      	movs	r0, #128	; 0x80
 8000732:	03c7      	lsls	r7, r0, #15
 8000734:	433d      	orrs	r5, r7
 8000736:	e794      	b.n	8000662 <__aeabi_fsub+0x6a>
 8000738:	2c00      	cmp	r4, #0
 800073a:	d145      	bne.n	80007c8 <__aeabi_fsub+0x1d0>
 800073c:	1c6b      	adds	r3, r5, #1
 800073e:	b2d8      	uxtb	r0, r3
 8000740:	2801      	cmp	r0, #1
 8000742:	dc00      	bgt.n	8000746 <__aeabi_fsub+0x14e>
 8000744:	e090      	b.n	8000868 <__aeabi_fsub+0x270>
 8000746:	4664      	mov	r4, ip
 8000748:	1be6      	subs	r6, r4, r7
 800074a:	0173      	lsls	r3, r6, #5
 800074c:	d557      	bpl.n	80007fe <__aeabi_fsub+0x206>
 800074e:	1b3e      	subs	r6, r7, r4
 8000750:	1c2c      	adds	r4, r5, #0
 8000752:	1c0d      	adds	r5, r1, #0
 8000754:	e7c1      	b.n	80006da <__aeabi_fsub+0xe2>
 8000756:	24ff      	movs	r4, #255	; 0xff
 8000758:	2500      	movs	r5, #0
 800075a:	e785      	b.n	8000668 <__aeabi_fsub+0x70>
 800075c:	4b6e      	ldr	r3, [pc, #440]	; (8000918 <__aeabi_fsub+0x320>)
 800075e:	1a24      	subs	r4, r4, r0
 8000760:	4033      	ands	r3, r6
 8000762:	1c66      	adds	r6, r4, #1
 8000764:	e766      	b.n	8000634 <__aeabi_fsub+0x3c>
 8000766:	1c38      	adds	r0, r7, #0
 8000768:	2120      	movs	r1, #32
 800076a:	40e0      	lsrs	r0, r4
 800076c:	1b0c      	subs	r4, r1, r4
 800076e:	40a7      	lsls	r7, r4
 8000770:	1c3e      	adds	r6, r7, #0
 8000772:	1e77      	subs	r7, r6, #1
 8000774:	41be      	sbcs	r6, r7
 8000776:	4306      	orrs	r6, r0
 8000778:	4667      	mov	r7, ip
 800077a:	1c2c      	adds	r4, r5, #0
 800077c:	1bbb      	subs	r3, r7, r6
 800077e:	1c15      	adds	r5, r2, #0
 8000780:	e784      	b.n	800068c <__aeabi_fsub+0x94>
 8000782:	0269      	lsls	r1, r5, #9
 8000784:	0a4d      	lsrs	r5, r1, #9
 8000786:	e76f      	b.n	8000668 <__aeabi_fsub+0x70>
 8000788:	2e00      	cmp	r6, #0
 800078a:	d179      	bne.n	8000880 <__aeabi_fsub+0x288>
 800078c:	1c6c      	adds	r4, r5, #1
 800078e:	b2e0      	uxtb	r0, r4
 8000790:	2801      	cmp	r0, #1
 8000792:	dd4b      	ble.n	800082c <__aeabi_fsub+0x234>
 8000794:	2cff      	cmp	r4, #255	; 0xff
 8000796:	d100      	bne.n	800079a <__aeabi_fsub+0x1a2>
 8000798:	e098      	b.n	80008cc <__aeabi_fsub+0x2d4>
 800079a:	4661      	mov	r1, ip
 800079c:	187f      	adds	r7, r7, r1
 800079e:	1cae      	adds	r6, r5, #2
 80007a0:	087b      	lsrs	r3, r7, #1
 80007a2:	1c15      	adds	r5, r2, #0
 80007a4:	e746      	b.n	8000634 <__aeabi_fsub+0x3c>
 80007a6:	2dff      	cmp	r5, #255	; 0xff
 80007a8:	d000      	beq.n	80007ac <__aeabi_fsub+0x1b4>
 80007aa:	e768      	b.n	800067e <__aeabi_fsub+0x86>
 80007ac:	e7b6      	b.n	800071c <__aeabi_fsub+0x124>
 80007ae:	1c67      	adds	r7, r4, #1
 80007b0:	2fff      	cmp	r7, #255	; 0xff
 80007b2:	d036      	beq.n	8000822 <__aeabi_fsub+0x22a>
 80007b4:	4858      	ldr	r0, [pc, #352]	; (8000918 <__aeabi_fsub+0x320>)
 80007b6:	2101      	movs	r1, #1
 80007b8:	4019      	ands	r1, r3
 80007ba:	4003      	ands	r3, r0
 80007bc:	085b      	lsrs	r3, r3, #1
 80007be:	1ca6      	adds	r6, r4, #2
 80007c0:	430b      	orrs	r3, r1
 80007c2:	1c3c      	adds	r4, r7, #0
 80007c4:	1c15      	adds	r5, r2, #0
 80007c6:	e735      	b.n	8000634 <__aeabi_fsub+0x3c>
 80007c8:	4266      	negs	r6, r4
 80007ca:	2d00      	cmp	r5, #0
 80007cc:	d01e      	beq.n	800080c <__aeabi_fsub+0x214>
 80007ce:	28ff      	cmp	r0, #255	; 0xff
 80007d0:	d06f      	beq.n	80008b2 <__aeabi_fsub+0x2ba>
 80007d2:	2580      	movs	r5, #128	; 0x80
 80007d4:	4662      	mov	r2, ip
 80007d6:	04eb      	lsls	r3, r5, #19
 80007d8:	431a      	orrs	r2, r3
 80007da:	4694      	mov	ip, r2
 80007dc:	2501      	movs	r5, #1
 80007de:	2e1b      	cmp	r6, #27
 80007e0:	dc09      	bgt.n	80007f6 <__aeabi_fsub+0x1fe>
 80007e2:	4662      	mov	r2, ip
 80007e4:	2320      	movs	r3, #32
 80007e6:	40f2      	lsrs	r2, r6
 80007e8:	4664      	mov	r4, ip
 80007ea:	1b9e      	subs	r6, r3, r6
 80007ec:	40b4      	lsls	r4, r6
 80007ee:	1c25      	adds	r5, r4, #0
 80007f0:	1e6c      	subs	r4, r5, #1
 80007f2:	41a5      	sbcs	r5, r4
 80007f4:	4315      	orrs	r5, r2
 80007f6:	1b7b      	subs	r3, r7, r5
 80007f8:	1c04      	adds	r4, r0, #0
 80007fa:	1c0d      	adds	r5, r1, #0
 80007fc:	e769      	b.n	80006d2 <__aeabi_fsub+0xda>
 80007fe:	2e00      	cmp	r6, #0
 8000800:	d10c      	bne.n	800081c <__aeabi_fsub+0x224>
 8000802:	2200      	movs	r2, #0
 8000804:	2601      	movs	r6, #1
 8000806:	2304      	movs	r3, #4
 8000808:	2400      	movs	r4, #0
 800080a:	e726      	b.n	800065a <__aeabi_fsub+0x62>
 800080c:	4664      	mov	r4, ip
 800080e:	2c00      	cmp	r4, #0
 8000810:	d155      	bne.n	80008be <__aeabi_fsub+0x2c6>
 8000812:	1c46      	adds	r6, r0, #1
 8000814:	1c3b      	adds	r3, r7, #0
 8000816:	1c04      	adds	r4, r0, #0
 8000818:	1c0d      	adds	r5, r1, #0
 800081a:	e70b      	b.n	8000634 <__aeabi_fsub+0x3c>
 800081c:	1c2c      	adds	r4, r5, #0
 800081e:	1c15      	adds	r5, r2, #0
 8000820:	e75b      	b.n	80006da <__aeabi_fsub+0xe2>
 8000822:	2380      	movs	r3, #128	; 0x80
 8000824:	005e      	lsls	r6, r3, #1
 8000826:	24ff      	movs	r4, #255	; 0xff
 8000828:	2304      	movs	r3, #4
 800082a:	e716      	b.n	800065a <__aeabi_fsub+0x62>
 800082c:	2d00      	cmp	r5, #0
 800082e:	d000      	beq.n	8000832 <__aeabi_fsub+0x23a>
 8000830:	e08d      	b.n	800094e <__aeabi_fsub+0x356>
 8000832:	4665      	mov	r5, ip
 8000834:	2d00      	cmp	r5, #0
 8000836:	d100      	bne.n	800083a <__aeabi_fsub+0x242>
 8000838:	e0ad      	b.n	8000996 <__aeabi_fsub+0x39e>
 800083a:	2f00      	cmp	r7, #0
 800083c:	d100      	bne.n	8000840 <__aeabi_fsub+0x248>
 800083e:	e081      	b.n	8000944 <__aeabi_fsub+0x34c>
 8000840:	197b      	adds	r3, r7, r5
 8000842:	015c      	lsls	r4, r3, #5
 8000844:	d400      	bmi.n	8000848 <__aeabi_fsub+0x250>
 8000846:	e07e      	b.n	8000946 <__aeabi_fsub+0x34e>
 8000848:	4f33      	ldr	r7, [pc, #204]	; (8000918 <__aeabi_fsub+0x320>)
 800084a:	1c15      	adds	r5, r2, #0
 800084c:	403b      	ands	r3, r7
 800084e:	2602      	movs	r6, #2
 8000850:	2401      	movs	r4, #1
 8000852:	e6ef      	b.n	8000634 <__aeabi_fsub+0x3c>
 8000854:	1c38      	adds	r0, r7, #0
 8000856:	2320      	movs	r3, #32
 8000858:	40f0      	lsrs	r0, r6
 800085a:	1b9e      	subs	r6, r3, r6
 800085c:	40b7      	lsls	r7, r6
 800085e:	1c3b      	adds	r3, r7, #0
 8000860:	1e5f      	subs	r7, r3, #1
 8000862:	41bb      	sbcs	r3, r7
 8000864:	4303      	orrs	r3, r0
 8000866:	e723      	b.n	80006b0 <__aeabi_fsub+0xb8>
 8000868:	2d00      	cmp	r5, #0
 800086a:	d115      	bne.n	8000898 <__aeabi_fsub+0x2a0>
 800086c:	4665      	mov	r5, ip
 800086e:	2d00      	cmp	r5, #0
 8000870:	d147      	bne.n	8000902 <__aeabi_fsub+0x30a>
 8000872:	2f00      	cmp	r7, #0
 8000874:	d0c5      	beq.n	8000802 <__aeabi_fsub+0x20a>
 8000876:	1c3b      	adds	r3, r7, #0
 8000878:	1c0d      	adds	r5, r1, #0
 800087a:	2601      	movs	r6, #1
 800087c:	2400      	movs	r4, #0
 800087e:	e6d9      	b.n	8000634 <__aeabi_fsub+0x3c>
 8000880:	4276      	negs	r6, r6
 8000882:	2d00      	cmp	r5, #0
 8000884:	d126      	bne.n	80008d4 <__aeabi_fsub+0x2dc>
 8000886:	4665      	mov	r5, ip
 8000888:	2d00      	cmp	r5, #0
 800088a:	d000      	beq.n	800088e <__aeabi_fsub+0x296>
 800088c:	e07d      	b.n	800098a <__aeabi_fsub+0x392>
 800088e:	1c46      	adds	r6, r0, #1
 8000890:	1c3b      	adds	r3, r7, #0
 8000892:	1c04      	adds	r4, r0, #0
 8000894:	1c15      	adds	r5, r2, #0
 8000896:	e6cd      	b.n	8000634 <__aeabi_fsub+0x3c>
 8000898:	4665      	mov	r5, ip
 800089a:	2d00      	cmp	r5, #0
 800089c:	d140      	bne.n	8000920 <__aeabi_fsub+0x328>
 800089e:	2f00      	cmp	r7, #0
 80008a0:	d107      	bne.n	80008b2 <__aeabi_fsub+0x2ba>
 80008a2:	2180      	movs	r1, #128	; 0x80
 80008a4:	2200      	movs	r2, #0
 80008a6:	004e      	lsls	r6, r1, #1
 80008a8:	4b1c      	ldr	r3, [pc, #112]	; (800091c <__aeabi_fsub+0x324>)
 80008aa:	24ff      	movs	r4, #255	; 0xff
 80008ac:	e6d5      	b.n	800065a <__aeabi_fsub+0x62>
 80008ae:	28ff      	cmp	r0, #255	; 0xff
 80008b0:	d194      	bne.n	80007dc <__aeabi_fsub+0x1e4>
 80008b2:	2080      	movs	r0, #128	; 0x80
 80008b4:	1c3b      	adds	r3, r7, #0
 80008b6:	1c0d      	adds	r5, r1, #0
 80008b8:	0046      	lsls	r6, r0, #1
 80008ba:	24ff      	movs	r4, #255	; 0xff
 80008bc:	e6ba      	b.n	8000634 <__aeabi_fsub+0x3c>
 80008be:	3e01      	subs	r6, #1
 80008c0:	2e00      	cmp	r6, #0
 80008c2:	d1f4      	bne.n	80008ae <__aeabi_fsub+0x2b6>
 80008c4:	1b3b      	subs	r3, r7, r4
 80008c6:	1c0d      	adds	r5, r1, #0
 80008c8:	1c04      	adds	r4, r0, #0
 80008ca:	e702      	b.n	80006d2 <__aeabi_fsub+0xda>
 80008cc:	2580      	movs	r5, #128	; 0x80
 80008ce:	006e      	lsls	r6, r5, #1
 80008d0:	2304      	movs	r3, #4
 80008d2:	e6c2      	b.n	800065a <__aeabi_fsub+0x62>
 80008d4:	28ff      	cmp	r0, #255	; 0xff
 80008d6:	d052      	beq.n	800097e <__aeabi_fsub+0x386>
 80008d8:	2480      	movs	r4, #128	; 0x80
 80008da:	4661      	mov	r1, ip
 80008dc:	04e3      	lsls	r3, r4, #19
 80008de:	4319      	orrs	r1, r3
 80008e0:	468c      	mov	ip, r1
 80008e2:	2301      	movs	r3, #1
 80008e4:	2e1b      	cmp	r6, #27
 80008e6:	dc09      	bgt.n	80008fc <__aeabi_fsub+0x304>
 80008e8:	2120      	movs	r1, #32
 80008ea:	4664      	mov	r4, ip
 80008ec:	40f4      	lsrs	r4, r6
 80008ee:	4665      	mov	r5, ip
 80008f0:	1b8e      	subs	r6, r1, r6
 80008f2:	40b5      	lsls	r5, r6
 80008f4:	1c2b      	adds	r3, r5, #0
 80008f6:	1e59      	subs	r1, r3, #1
 80008f8:	418b      	sbcs	r3, r1
 80008fa:	4323      	orrs	r3, r4
 80008fc:	19db      	adds	r3, r3, r7
 80008fe:	1c04      	adds	r4, r0, #0
 8000900:	e6d8      	b.n	80006b4 <__aeabi_fsub+0xbc>
 8000902:	2f00      	cmp	r7, #0
 8000904:	d01e      	beq.n	8000944 <__aeabi_fsub+0x34c>
 8000906:	1beb      	subs	r3, r5, r7
 8000908:	0158      	lsls	r0, r3, #5
 800090a:	d54b      	bpl.n	80009a4 <__aeabi_fsub+0x3ac>
 800090c:	1b7b      	subs	r3, r7, r5
 800090e:	2601      	movs	r6, #1
 8000910:	1c0d      	adds	r5, r1, #0
 8000912:	2400      	movs	r4, #0
 8000914:	e68e      	b.n	8000634 <__aeabi_fsub+0x3c>
 8000916:	46c0      	nop			; (mov r8, r8)
 8000918:	fbffffff 	.word	0xfbffffff
 800091c:	03fffffc 	.word	0x03fffffc
 8000920:	2f00      	cmp	r7, #0
 8000922:	d100      	bne.n	8000926 <__aeabi_fsub+0x32e>
 8000924:	e6fa      	b.n	800071c <__aeabi_fsub+0x124>
 8000926:	2080      	movs	r0, #128	; 0x80
 8000928:	08eb      	lsrs	r3, r5, #3
 800092a:	03c4      	lsls	r4, r0, #15
 800092c:	4223      	tst	r3, r4
 800092e:	d037      	beq.n	80009a0 <__aeabi_fsub+0x3a8>
 8000930:	08ff      	lsrs	r7, r7, #3
 8000932:	4227      	tst	r7, r4
 8000934:	d134      	bne.n	80009a0 <__aeabi_fsub+0x3a8>
 8000936:	1c3b      	adds	r3, r7, #0
 8000938:	1c0d      	adds	r5, r1, #0
 800093a:	2280      	movs	r2, #128	; 0x80
 800093c:	00db      	lsls	r3, r3, #3
 800093e:	0056      	lsls	r6, r2, #1
 8000940:	24ff      	movs	r4, #255	; 0xff
 8000942:	e677      	b.n	8000634 <__aeabi_fsub+0x3c>
 8000944:	4663      	mov	r3, ip
 8000946:	1c15      	adds	r5, r2, #0
 8000948:	2601      	movs	r6, #1
 800094a:	2400      	movs	r4, #0
 800094c:	e672      	b.n	8000634 <__aeabi_fsub+0x3c>
 800094e:	4664      	mov	r4, ip
 8000950:	2c00      	cmp	r4, #0
 8000952:	d014      	beq.n	800097e <__aeabi_fsub+0x386>
 8000954:	2f00      	cmp	r7, #0
 8000956:	d100      	bne.n	800095a <__aeabi_fsub+0x362>
 8000958:	e6e0      	b.n	800071c <__aeabi_fsub+0x124>
 800095a:	2380      	movs	r3, #128	; 0x80
 800095c:	08e6      	lsrs	r6, r4, #3
 800095e:	03d8      	lsls	r0, r3, #15
 8000960:	1c31      	adds	r1, r6, #0
 8000962:	4206      	tst	r6, r0
 8000964:	d003      	beq.n	800096e <__aeabi_fsub+0x376>
 8000966:	08f9      	lsrs	r1, r7, #3
 8000968:	4201      	tst	r1, r0
 800096a:	d000      	beq.n	800096e <__aeabi_fsub+0x376>
 800096c:	1c31      	adds	r1, r6, #0
 800096e:	1c15      	adds	r5, r2, #0
 8000970:	2280      	movs	r2, #128	; 0x80
 8000972:	00cb      	lsls	r3, r1, #3
 8000974:	0056      	lsls	r6, r2, #1
 8000976:	24ff      	movs	r4, #255	; 0xff
 8000978:	e65c      	b.n	8000634 <__aeabi_fsub+0x3c>
 800097a:	28ff      	cmp	r0, #255	; 0xff
 800097c:	d1b1      	bne.n	80008e2 <__aeabi_fsub+0x2ea>
 800097e:	2080      	movs	r0, #128	; 0x80
 8000980:	1c3b      	adds	r3, r7, #0
 8000982:	1c15      	adds	r5, r2, #0
 8000984:	0046      	lsls	r6, r0, #1
 8000986:	24ff      	movs	r4, #255	; 0xff
 8000988:	e654      	b.n	8000634 <__aeabi_fsub+0x3c>
 800098a:	3e01      	subs	r6, #1
 800098c:	2e00      	cmp	r6, #0
 800098e:	d1f4      	bne.n	800097a <__aeabi_fsub+0x382>
 8000990:	197b      	adds	r3, r7, r5
 8000992:	1c04      	adds	r4, r0, #0
 8000994:	e68e      	b.n	80006b4 <__aeabi_fsub+0xbc>
 8000996:	1c3b      	adds	r3, r7, #0
 8000998:	1c15      	adds	r5, r2, #0
 800099a:	2601      	movs	r6, #1
 800099c:	2400      	movs	r4, #0
 800099e:	e649      	b.n	8000634 <__aeabi_fsub+0x3c>
 80009a0:	1c15      	adds	r5, r2, #0
 80009a2:	e7ca      	b.n	800093a <__aeabi_fsub+0x342>
 80009a4:	2b00      	cmp	r3, #0
 80009a6:	d100      	bne.n	80009aa <__aeabi_fsub+0x3b2>
 80009a8:	e72b      	b.n	8000802 <__aeabi_fsub+0x20a>
 80009aa:	e7cc      	b.n	8000946 <__aeabi_fsub+0x34e>

080009ac <__aeabi_f2iz>:
 80009ac:	0243      	lsls	r3, r0, #9
 80009ae:	0042      	lsls	r2, r0, #1
 80009b0:	0a59      	lsrs	r1, r3, #9
 80009b2:	0e13      	lsrs	r3, r2, #24
 80009b4:	0fc2      	lsrs	r2, r0, #31
 80009b6:	2000      	movs	r0, #0
 80009b8:	2b7e      	cmp	r3, #126	; 0x7e
 80009ba:	dd0d      	ble.n	80009d8 <__aeabi_f2iz+0x2c>
 80009bc:	2b9d      	cmp	r3, #157	; 0x9d
 80009be:	dc0c      	bgt.n	80009da <__aeabi_f2iz+0x2e>
 80009c0:	2080      	movs	r0, #128	; 0x80
 80009c2:	0400      	lsls	r0, r0, #16
 80009c4:	4301      	orrs	r1, r0
 80009c6:	2b95      	cmp	r3, #149	; 0x95
 80009c8:	dc0a      	bgt.n	80009e0 <__aeabi_f2iz+0x34>
 80009ca:	2096      	movs	r0, #150	; 0x96
 80009cc:	1ac3      	subs	r3, r0, r3
 80009ce:	40d9      	lsrs	r1, r3
 80009d0:	4248      	negs	r0, r1
 80009d2:	2a00      	cmp	r2, #0
 80009d4:	d100      	bne.n	80009d8 <__aeabi_f2iz+0x2c>
 80009d6:	1c08      	adds	r0, r1, #0
 80009d8:	4770      	bx	lr
 80009da:	4903      	ldr	r1, [pc, #12]	; (80009e8 <__aeabi_f2iz+0x3c>)
 80009dc:	1850      	adds	r0, r2, r1
 80009de:	e7fb      	b.n	80009d8 <__aeabi_f2iz+0x2c>
 80009e0:	3b96      	subs	r3, #150	; 0x96
 80009e2:	4099      	lsls	r1, r3
 80009e4:	e7f4      	b.n	80009d0 <__aeabi_f2iz+0x24>
 80009e6:	46c0      	nop			; (mov r8, r8)
 80009e8:	7fffffff 	.word	0x7fffffff

080009ec <__clzsi2>:
 80009ec:	211c      	movs	r1, #28
 80009ee:	2301      	movs	r3, #1
 80009f0:	041b      	lsls	r3, r3, #16
 80009f2:	4298      	cmp	r0, r3
 80009f4:	d301      	bcc.n	80009fa <__clzsi2+0xe>
 80009f6:	0c00      	lsrs	r0, r0, #16
 80009f8:	3910      	subs	r1, #16
 80009fa:	0a1b      	lsrs	r3, r3, #8
 80009fc:	4298      	cmp	r0, r3
 80009fe:	d301      	bcc.n	8000a04 <__clzsi2+0x18>
 8000a00:	0a00      	lsrs	r0, r0, #8
 8000a02:	3908      	subs	r1, #8
 8000a04:	091b      	lsrs	r3, r3, #4
 8000a06:	4298      	cmp	r0, r3
 8000a08:	d301      	bcc.n	8000a0e <__clzsi2+0x22>
 8000a0a:	0900      	lsrs	r0, r0, #4
 8000a0c:	3904      	subs	r1, #4
 8000a0e:	a202      	add	r2, pc, #8	; (adr r2, 8000a18 <__clzsi2+0x2c>)
 8000a10:	5c10      	ldrb	r0, [r2, r0]
 8000a12:	1840      	adds	r0, r0, r1
 8000a14:	4770      	bx	lr
 8000a16:	46c0      	nop			; (mov r8, r8)
 8000a18:	02020304 	.word	0x02020304
 8000a1c:	01010101 	.word	0x01010101
	...

08000a28 <main>:
 8000a28:	b508      	push	{r3, lr}
 8000a2a:	f7ff fc99 	bl	8000360 <_ZN8quan_apm7get_gpsEv>
 8000a2e:	f7ff fb74 	bl	800011a <setup>
 8000a32:	2000      	movs	r0, #0
 8000a34:	bd08      	pop	{r3, pc}

08000a36 <_ZN4quan4fifoIcLi200ELb1EE3getEv>:
 8000a36:	1c03      	adds	r3, r0, #0
 8000a38:	6842      	ldr	r2, [r0, #4]
 8000a3a:	6819      	ldr	r1, [r3, #0]
 8000a3c:	7810      	ldrb	r0, [r2, #0]
 8000a3e:	2900      	cmp	r1, #0
 8000a40:	d101      	bne.n	8000a46 <_ZN4quan4fifoIcLi200ELb1EE3getEv+0x10>
 8000a42:	685a      	ldr	r2, [r3, #4]
 8000a44:	601a      	str	r2, [r3, #0]
 8000a46:	6859      	ldr	r1, [r3, #4]
 8000a48:	1c1a      	adds	r2, r3, #0
 8000a4a:	3101      	adds	r1, #1
 8000a4c:	6059      	str	r1, [r3, #4]
 8000a4e:	6859      	ldr	r1, [r3, #4]
 8000a50:	32d0      	adds	r2, #208	; 0xd0
 8000a52:	4291      	cmp	r1, r2
 8000a54:	d101      	bne.n	8000a5a <_ZN4quan4fifoIcLi200ELb1EE3getEv+0x24>
 8000a56:	3ac8      	subs	r2, #200	; 0xc8
 8000a58:	605a      	str	r2, [r3, #4]
 8000a5a:	6859      	ldr	r1, [r3, #4]
 8000a5c:	681a      	ldr	r2, [r3, #0]
 8000a5e:	4291      	cmp	r1, r2
 8000a60:	d101      	bne.n	8000a66 <_ZN4quan4fifoIcLi200ELb1EE3getEv+0x30>
 8000a62:	2100      	movs	r1, #0
 8000a64:	6059      	str	r1, [r3, #4]
 8000a66:	4770      	bx	lr

08000a68 <_ZN4quan4fifoIcLi200ELb1EE3putERKc>:
 8000a68:	1c03      	adds	r3, r0, #0
 8000a6a:	6800      	ldr	r0, [r0, #0]
 8000a6c:	2800      	cmp	r0, #0
 8000a6e:	d018      	beq.n	8000aa2 <_ZN4quan4fifoIcLi200ELb1EE3putERKc+0x3a>
 8000a70:	681a      	ldr	r2, [r3, #0]
 8000a72:	7809      	ldrb	r1, [r1, #0]
 8000a74:	7011      	strb	r1, [r2, #0]
 8000a76:	6858      	ldr	r0, [r3, #4]
 8000a78:	2800      	cmp	r0, #0
 8000a7a:	d101      	bne.n	8000a80 <_ZN4quan4fifoIcLi200ELb1EE3putERKc+0x18>
 8000a7c:	681a      	ldr	r2, [r3, #0]
 8000a7e:	605a      	str	r2, [r3, #4]
 8000a80:	6819      	ldr	r1, [r3, #0]
 8000a82:	1c1a      	adds	r2, r3, #0
 8000a84:	3101      	adds	r1, #1
 8000a86:	6019      	str	r1, [r3, #0]
 8000a88:	6818      	ldr	r0, [r3, #0]
 8000a8a:	32d0      	adds	r2, #208	; 0xd0
 8000a8c:	4290      	cmp	r0, r2
 8000a8e:	d101      	bne.n	8000a94 <_ZN4quan4fifoIcLi200ELb1EE3putERKc+0x2c>
 8000a90:	3ac8      	subs	r2, #200	; 0xc8
 8000a92:	601a      	str	r2, [r3, #0]
 8000a94:	6819      	ldr	r1, [r3, #0]
 8000a96:	685a      	ldr	r2, [r3, #4]
 8000a98:	2001      	movs	r0, #1
 8000a9a:	4291      	cmp	r1, r2
 8000a9c:	d101      	bne.n	8000aa2 <_ZN4quan4fifoIcLi200ELb1EE3putERKc+0x3a>
 8000a9e:	2100      	movs	r1, #0
 8000aa0:	6019      	str	r1, [r3, #0]
 8000aa2:	4770      	bx	lr

08000aa4 <_ZN4quan5stm325usart11irq_handlerINS0_11serial_portINS1_6moduleILm1073759232EEELj200ELj200ENS_3mcu3pinINS0_4gpio6moduleILm1207959552EEELm14EEENS7_ISA_Lm15EEEEEEEvv>:
 8000aa4:	b573      	push	{r0, r1, r4, r5, r6, lr}
 8000aa6:	4c17      	ldr	r4, [pc, #92]	; (8000b04 <_ZN4quan5stm325usart11irq_handlerINS0_11serial_portINS1_6moduleILm1073759232EEELj200ELj200ENS_3mcu3pinINS0_4gpio6moduleILm1207959552EEELm14EEENS7_ISA_Lm15EEEEEEEvv+0x60>)
 8000aa8:	2320      	movs	r3, #32
 8000aaa:	6822      	ldr	r2, [r4, #0]
 8000aac:	421a      	tst	r2, r3
 8000aae:	d010      	beq.n	8000ad2 <_ZN4quan5stm325usart11irq_handlerINS0_11serial_portINS1_6moduleILm1073759232EEELj200ELj200ENS_3mcu3pinINS0_4gpio6moduleILm1207959552EEELm14EEENS7_ISA_Lm15EEEEEEEvv+0x2e>
 8000ab0:	69e0      	ldr	r0, [r4, #28]
 8000ab2:	4218      	tst	r0, r3
 8000ab4:	d00d      	beq.n	8000ad2 <_ZN4quan5stm325usart11irq_handlerINS0_11serial_portINS1_6moduleILm1073759232EEELj200ELj200ENS_3mcu3pinINS0_4gpio6moduleILm1207959552EEELm14EEENS7_ISA_Lm15EEEEEEEvv+0x2e>
 8000ab6:	4d14      	ldr	r5, [pc, #80]	; (8000b08 <_ZN4quan5stm325usart11irq_handlerINS0_11serial_portINS1_6moduleILm1073759232EEELj200ELj200ENS_3mcu3pinINS0_4gpio6moduleILm1207959552EEELm14EEENS7_ISA_Lm15EEEEEEEvv+0x64>)
 8000ab8:	6829      	ldr	r1, [r5, #0]
 8000aba:	2900      	cmp	r1, #0
 8000abc:	d102      	bne.n	8000ac4 <_ZN4quan5stm325usart11irq_handlerINS0_11serial_portINS1_6moduleILm1073759232EEELj200ELj200ENS_3mcu3pinINS0_4gpio6moduleILm1207959552EEELm14EEENS7_ISA_Lm15EEEEEEEvv+0x20>
 8000abe:	1c28      	adds	r0, r5, #0
 8000ac0:	f7ff ffb9 	bl	8000a36 <_ZN4quan4fifoIcLi200ELb1EE3getEv>
 8000ac4:	6a66      	ldr	r6, [r4, #36]	; 0x24
 8000ac6:	4669      	mov	r1, sp
 8000ac8:	3107      	adds	r1, #7
 8000aca:	1c28      	adds	r0, r5, #0
 8000acc:	700e      	strb	r6, [r1, #0]
 8000ace:	f7ff ffcb 	bl	8000a68 <_ZN4quan4fifoIcLi200ELb1EE3putERKc>
 8000ad2:	6822      	ldr	r2, [r4, #0]
 8000ad4:	2380      	movs	r3, #128	; 0x80
 8000ad6:	4e0b      	ldr	r6, [pc, #44]	; (8000b04 <_ZN4quan5stm325usart11irq_handlerINS0_11serial_portINS1_6moduleILm1073759232EEELj200ELj200ENS_3mcu3pinINS0_4gpio6moduleILm1207959552EEELm14EEENS7_ISA_Lm15EEEEEEEvv+0x60>)
 8000ad8:	421a      	tst	r2, r3
 8000ada:	d011      	beq.n	8000b00 <_ZN4quan5stm325usart11irq_handlerINS0_11serial_portINS1_6moduleILm1073759232EEELj200ELj200ENS_3mcu3pinINS0_4gpio6moduleILm1207959552EEELm14EEENS7_ISA_Lm15EEEEEEEvv+0x5c>
 8000adc:	4d0b      	ldr	r5, [pc, #44]	; (8000b0c <_ZN4quan5stm325usart11irq_handlerINS0_11serial_portINS1_6moduleILm1073759232EEELj200ELj200ENS_3mcu3pinINS0_4gpio6moduleILm1207959552EEELm14EEENS7_ISA_Lm15EEEEEEEvv+0x68>)
 8000ade:	6868      	ldr	r0, [r5, #4]
 8000ae0:	2800      	cmp	r0, #0
 8000ae2:	d006      	beq.n	8000af2 <_ZN4quan5stm325usart11irq_handlerINS0_11serial_portINS1_6moduleILm1073759232EEELj200ELj200ENS_3mcu3pinINS0_4gpio6moduleILm1207959552EEELm14EEENS7_ISA_Lm15EEEEEEEvv+0x4e>
 8000ae4:	69f1      	ldr	r1, [r6, #28]
 8000ae6:	4219      	tst	r1, r3
 8000ae8:	d003      	beq.n	8000af2 <_ZN4quan5stm325usart11irq_handlerINS0_11serial_portINS1_6moduleILm1073759232EEELj200ELj200ENS_3mcu3pinINS0_4gpio6moduleILm1207959552EEELm14EEENS7_ISA_Lm15EEEEEEEvv+0x4e>
 8000aea:	1c28      	adds	r0, r5, #0
 8000aec:	f7ff ffa3 	bl	8000a36 <_ZN4quan4fifoIcLi200ELb1EE3getEv>
 8000af0:	62b0      	str	r0, [r6, #40]	; 0x28
 8000af2:	686e      	ldr	r6, [r5, #4]
 8000af4:	2e00      	cmp	r6, #0
 8000af6:	d103      	bne.n	8000b00 <_ZN4quan5stm325usart11irq_handlerINS0_11serial_portINS1_6moduleILm1073759232EEELj200ELj200ENS_3mcu3pinINS0_4gpio6moduleILm1207959552EEELm14EEENS7_ISA_Lm15EEEEEEEvv+0x5c>
 8000af8:	6823      	ldr	r3, [r4, #0]
 8000afa:	2280      	movs	r2, #128	; 0x80
 8000afc:	4393      	bics	r3, r2
 8000afe:	6023      	str	r3, [r4, #0]
 8000b00:	bd73      	pop	{r0, r1, r4, r5, r6, pc}
 8000b02:	46c0      	nop			; (mov r8, r8)
 8000b04:	40004400 	.word	0x40004400
 8000b08:	20000458 	.word	0x20000458
 8000b0c:	20000528 	.word	0x20000528

08000b10 <_ZN4quan5stm325usart11irq_handlerINS0_11serial_portINS1_6moduleILm1073821696EEELj200ELj200ENS_3mcu3pinINS0_4gpio6moduleILm1207959552EEELm9EEENS7_ISA_Lm10EEEEEEEvv>:
 8000b10:	b573      	push	{r0, r1, r4, r5, r6, lr}
 8000b12:	4c17      	ldr	r4, [pc, #92]	; (8000b70 <_ZN4quan5stm325usart11irq_handlerINS0_11serial_portINS1_6moduleILm1073821696EEELj200ELj200ENS_3mcu3pinINS0_4gpio6moduleILm1207959552EEELm9EEENS7_ISA_Lm10EEEEEEEvv+0x60>)
 8000b14:	2320      	movs	r3, #32
 8000b16:	6822      	ldr	r2, [r4, #0]
 8000b18:	421a      	tst	r2, r3
 8000b1a:	d010      	beq.n	8000b3e <_ZN4quan5stm325usart11irq_handlerINS0_11serial_portINS1_6moduleILm1073821696EEELj200ELj200ENS_3mcu3pinINS0_4gpio6moduleILm1207959552EEELm9EEENS7_ISA_Lm10EEEEEEEvv+0x2e>
 8000b1c:	69e0      	ldr	r0, [r4, #28]
 8000b1e:	4218      	tst	r0, r3
 8000b20:	d00d      	beq.n	8000b3e <_ZN4quan5stm325usart11irq_handlerINS0_11serial_portINS1_6moduleILm1073821696EEELj200ELj200ENS_3mcu3pinINS0_4gpio6moduleILm1207959552EEELm9EEENS7_ISA_Lm10EEEEEEEvv+0x2e>
 8000b22:	4d14      	ldr	r5, [pc, #80]	; (8000b74 <_ZN4quan5stm325usart11irq_handlerINS0_11serial_portINS1_6moduleILm1073821696EEELj200ELj200ENS_3mcu3pinINS0_4gpio6moduleILm1207959552EEELm9EEENS7_ISA_Lm10EEEEEEEvv+0x64>)
 8000b24:	6829      	ldr	r1, [r5, #0]
 8000b26:	2900      	cmp	r1, #0
 8000b28:	d102      	bne.n	8000b30 <_ZN4quan5stm325usart11irq_handlerINS0_11serial_portINS1_6moduleILm1073821696EEELj200ELj200ENS_3mcu3pinINS0_4gpio6moduleILm1207959552EEELm9EEENS7_ISA_Lm10EEEEEEEvv+0x20>
 8000b2a:	1c28      	adds	r0, r5, #0
 8000b2c:	f7ff ff83 	bl	8000a36 <_ZN4quan4fifoIcLi200ELb1EE3getEv>
 8000b30:	6a66      	ldr	r6, [r4, #36]	; 0x24
 8000b32:	4669      	mov	r1, sp
 8000b34:	3107      	adds	r1, #7
 8000b36:	1c28      	adds	r0, r5, #0
 8000b38:	700e      	strb	r6, [r1, #0]
 8000b3a:	f7ff ff95 	bl	8000a68 <_ZN4quan4fifoIcLi200ELb1EE3putERKc>
 8000b3e:	6822      	ldr	r2, [r4, #0]
 8000b40:	2380      	movs	r3, #128	; 0x80
 8000b42:	4e0b      	ldr	r6, [pc, #44]	; (8000b70 <_ZN4quan5stm325usart11irq_handlerINS0_11serial_portINS1_6moduleILm1073821696EEELj200ELj200ENS_3mcu3pinINS0_4gpio6moduleILm1207959552EEELm9EEENS7_ISA_Lm10EEEEEEEvv+0x60>)
 8000b44:	421a      	tst	r2, r3
 8000b46:	d011      	beq.n	8000b6c <_ZN4quan5stm325usart11irq_handlerINS0_11serial_portINS1_6moduleILm1073821696EEELj200ELj200ENS_3mcu3pinINS0_4gpio6moduleILm1207959552EEELm9EEENS7_ISA_Lm10EEEEEEEvv+0x5c>
 8000b48:	4d0b      	ldr	r5, [pc, #44]	; (8000b78 <_ZN4quan5stm325usart11irq_handlerINS0_11serial_portINS1_6moduleILm1073821696EEELj200ELj200ENS_3mcu3pinINS0_4gpio6moduleILm1207959552EEELm9EEENS7_ISA_Lm10EEEEEEEvv+0x68>)
 8000b4a:	6868      	ldr	r0, [r5, #4]
 8000b4c:	2800      	cmp	r0, #0
 8000b4e:	d006      	beq.n	8000b5e <_ZN4quan5stm325usart11irq_handlerINS0_11serial_portINS1_6moduleILm1073821696EEELj200ELj200ENS_3mcu3pinINS0_4gpio6moduleILm1207959552EEELm9EEENS7_ISA_Lm10EEEEEEEvv+0x4e>
 8000b50:	69f1      	ldr	r1, [r6, #28]
 8000b52:	4219      	tst	r1, r3
 8000b54:	d003      	beq.n	8000b5e <_ZN4quan5stm325usart11irq_handlerINS0_11serial_portINS1_6moduleILm1073821696EEELj200ELj200ENS_3mcu3pinINS0_4gpio6moduleILm1207959552EEELm9EEENS7_ISA_Lm10EEEEEEEvv+0x4e>
 8000b56:	1c28      	adds	r0, r5, #0
 8000b58:	f7ff ff6d 	bl	8000a36 <_ZN4quan4fifoIcLi200ELb1EE3getEv>
 8000b5c:	62b0      	str	r0, [r6, #40]	; 0x28
 8000b5e:	686e      	ldr	r6, [r5, #4]
 8000b60:	2e00      	cmp	r6, #0
 8000b62:	d103      	bne.n	8000b6c <_ZN4quan5stm325usart11irq_handlerINS0_11serial_portINS1_6moduleILm1073821696EEELj200ELj200ENS_3mcu3pinINS0_4gpio6moduleILm1207959552EEELm9EEENS7_ISA_Lm10EEEEEEEvv+0x5c>
 8000b64:	6823      	ldr	r3, [r4, #0]
 8000b66:	2280      	movs	r2, #128	; 0x80
 8000b68:	4393      	bics	r3, r2
 8000b6a:	6023      	str	r3, [r4, #0]
 8000b6c:	bd73      	pop	{r0, r1, r4, r5, r6, pc}
 8000b6e:	46c0      	nop			; (mov r8, r8)
 8000b70:	40013800 	.word	0x40013800
 8000b74:	200005f8 	.word	0x200005f8
 8000b78:	200006c8 	.word	0x200006c8

08000b7c <_GLOBAL__sub_I_USART2_IRQHandler>:
 8000b7c:	4b16      	ldr	r3, [pc, #88]	; (8000bd8 <_GLOBAL__sub_I_USART2_IRQHandler+0x5c>)
 8000b7e:	2101      	movs	r1, #1
 8000b80:	681a      	ldr	r2, [r3, #0]
 8000b82:	400a      	ands	r2, r1
 8000b84:	d105      	bne.n	8000b92 <_GLOBAL__sub_I_USART2_IRQHandler+0x16>
 8000b86:	4815      	ldr	r0, [pc, #84]	; (8000bdc <_GLOBAL__sub_I_USART2_IRQHandler+0x60>)
 8000b88:	6019      	str	r1, [r3, #0]
 8000b8a:	1c03      	adds	r3, r0, #0
 8000b8c:	3308      	adds	r3, #8
 8000b8e:	6003      	str	r3, [r0, #0]
 8000b90:	6042      	str	r2, [r0, #4]
 8000b92:	4813      	ldr	r0, [pc, #76]	; (8000be0 <_GLOBAL__sub_I_USART2_IRQHandler+0x64>)
 8000b94:	2101      	movs	r1, #1
 8000b96:	6802      	ldr	r2, [r0, #0]
 8000b98:	400a      	ands	r2, r1
 8000b9a:	d105      	bne.n	8000ba8 <_GLOBAL__sub_I_USART2_IRQHandler+0x2c>
 8000b9c:	4b11      	ldr	r3, [pc, #68]	; (8000be4 <_GLOBAL__sub_I_USART2_IRQHandler+0x68>)
 8000b9e:	6001      	str	r1, [r0, #0]
 8000ba0:	1c18      	adds	r0, r3, #0
 8000ba2:	3008      	adds	r0, #8
 8000ba4:	6018      	str	r0, [r3, #0]
 8000ba6:	605a      	str	r2, [r3, #4]
 8000ba8:	4b0f      	ldr	r3, [pc, #60]	; (8000be8 <_GLOBAL__sub_I_USART2_IRQHandler+0x6c>)
 8000baa:	2101      	movs	r1, #1
 8000bac:	681a      	ldr	r2, [r3, #0]
 8000bae:	400a      	ands	r2, r1
 8000bb0:	d105      	bne.n	8000bbe <_GLOBAL__sub_I_USART2_IRQHandler+0x42>
 8000bb2:	480e      	ldr	r0, [pc, #56]	; (8000bec <_GLOBAL__sub_I_USART2_IRQHandler+0x70>)
 8000bb4:	6019      	str	r1, [r3, #0]
 8000bb6:	1c03      	adds	r3, r0, #0
 8000bb8:	3308      	adds	r3, #8
 8000bba:	6003      	str	r3, [r0, #0]
 8000bbc:	6042      	str	r2, [r0, #4]
 8000bbe:	480c      	ldr	r0, [pc, #48]	; (8000bf0 <_GLOBAL__sub_I_USART2_IRQHandler+0x74>)
 8000bc0:	2101      	movs	r1, #1
 8000bc2:	6802      	ldr	r2, [r0, #0]
 8000bc4:	400a      	ands	r2, r1
 8000bc6:	d105      	bne.n	8000bd4 <_GLOBAL__sub_I_USART2_IRQHandler+0x58>
 8000bc8:	4b0a      	ldr	r3, [pc, #40]	; (8000bf4 <_GLOBAL__sub_I_USART2_IRQHandler+0x78>)
 8000bca:	6001      	str	r1, [r0, #0]
 8000bcc:	1c18      	adds	r0, r3, #0
 8000bce:	3008      	adds	r0, #8
 8000bd0:	6018      	str	r0, [r3, #0]
 8000bd2:	605a      	str	r2, [r3, #4]
 8000bd4:	4770      	bx	lr
 8000bd6:	46c0      	nop			; (mov r8, r8)
 8000bd8:	20000798 	.word	0x20000798
 8000bdc:	20000458 	.word	0x20000458
 8000be0:	2000079c 	.word	0x2000079c
 8000be4:	20000528 	.word	0x20000528
 8000be8:	200007a0 	.word	0x200007a0
 8000bec:	200005f8 	.word	0x200005f8
 8000bf0:	200007a4 	.word	0x200007a4
 8000bf4:	200006c8 	.word	0x200006c8

08000bf8 <Reset_Handler>:
 8000bf8:	480d      	ldr	r0, [pc, #52]	; (8000c30 <LoopForever+0x2>)
 8000bfa:	4685      	mov	sp, r0
 8000bfc:	2100      	movs	r1, #0
 8000bfe:	e003      	b.n	8000c08 <LoopCopyDataInit>

08000c00 <CopyDataInit>:
 8000c00:	4b0c      	ldr	r3, [pc, #48]	; (8000c34 <LoopForever+0x6>)
 8000c02:	585b      	ldr	r3, [r3, r1]
 8000c04:	5043      	str	r3, [r0, r1]
 8000c06:	3104      	adds	r1, #4

08000c08 <LoopCopyDataInit>:
 8000c08:	480b      	ldr	r0, [pc, #44]	; (8000c38 <LoopForever+0xa>)
 8000c0a:	4b0c      	ldr	r3, [pc, #48]	; (8000c3c <LoopForever+0xe>)
 8000c0c:	1842      	adds	r2, r0, r1
 8000c0e:	429a      	cmp	r2, r3
 8000c10:	d3f6      	bcc.n	8000c00 <CopyDataInit>
 8000c12:	4a0b      	ldr	r2, [pc, #44]	; (8000c40 <LoopForever+0x12>)
 8000c14:	e002      	b.n	8000c1c <LoopFillZerobss>

08000c16 <FillZerobss>:
 8000c16:	2300      	movs	r3, #0
 8000c18:	6013      	str	r3, [r2, #0]
 8000c1a:	3204      	adds	r2, #4

08000c1c <LoopFillZerobss>:
 8000c1c:	4b09      	ldr	r3, [pc, #36]	; (8000c44 <LoopForever+0x16>)
 8000c1e:	429a      	cmp	r2, r3
 8000c20:	d3f9      	bcc.n	8000c16 <FillZerobss>
 8000c22:	f7ff fa95 	bl	8000150 <SystemInit>
 8000c26:	f000 f8ab 	bl	8000d80 <__libc_init_array>
 8000c2a:	f7ff fefd 	bl	8000a28 <main>

08000c2e <LoopForever>:
 8000c2e:	e7fe      	b.n	8000c2e <LoopForever>
 8000c30:	20002000 	.word	0x20002000
 8000c34:	08000ec4 	.word	0x08000ec4
 8000c38:	20000000 	.word	0x20000000
 8000c3c:	20000444 	.word	0x20000444
 8000c40:	20000444 	.word	0x20000444
 8000c44:	200007a8 	.word	0x200007a8

08000c48 <ADC1_COMP_IRQHandler>:
 8000c48:	e7fe      	b.n	8000c48 <ADC1_COMP_IRQHandler>
	...

08000c4c <_ZN8quan_apm3gpsD1Ev>:
 8000c4c:	4b01      	ldr	r3, [pc, #4]	; (8000c54 <_ZN8quan_apm3gpsD1Ev+0x8>)
 8000c4e:	6003      	str	r3, [r0, #0]
 8000c50:	4770      	bx	lr
 8000c52:	46c0      	nop			; (mov r8, r8)
 8000c54:	08000e58 	.word	0x08000e58

08000c58 <_ZNK6my_gps18get_position_errorEv>:
 8000c58:	2300      	movs	r3, #0
 8000c5a:	6003      	str	r3, [r0, #0]
 8000c5c:	6043      	str	r3, [r0, #4]
 8000c5e:	6083      	str	r3, [r0, #8]
 8000c60:	4770      	bx	lr

08000c62 <_ZNK6my_gps14get_velocity3dEv>:
 8000c62:	2300      	movs	r3, #0
 8000c64:	6003      	str	r3, [r0, #0]
 8000c66:	6043      	str	r3, [r0, #4]
 8000c68:	6083      	str	r3, [r0, #8]
 8000c6a:	4770      	bx	lr

08000c6c <_ZNK6my_gps12get_num_satsEv>:
 8000c6c:	2001      	movs	r0, #1
 8000c6e:	4240      	negs	r0, r0
 8000c70:	4770      	bx	lr

08000c72 <_ZNK6my_gps12get_gps_timeEv>:
 8000c72:	2300      	movs	r3, #0
 8000c74:	6003      	str	r3, [r0, #0]
 8000c76:	6043      	str	r3, [r0, #4]
 8000c78:	4770      	bx	lr
	...

08000c7c <_ZN6my_gpsD1Ev>:
 8000c7c:	4b01      	ldr	r3, [pc, #4]	; (8000c84 <_ZN6my_gpsD1Ev+0x8>)
 8000c7e:	6003      	str	r3, [r0, #0]
 8000c80:	4770      	bx	lr
 8000c82:	46c0      	nop			; (mov r8, r8)
 8000c84:	08000e58 	.word	0x08000e58

08000c88 <_ZN6my_gpsD0Ev>:
 8000c88:	b510      	push	{r4, lr}
 8000c8a:	4b03      	ldr	r3, [pc, #12]	; (8000c98 <_ZN6my_gpsD0Ev+0x10>)
 8000c8c:	1c04      	adds	r4, r0, #0
 8000c8e:	6003      	str	r3, [r0, #0]
 8000c90:	f7ff fa1d 	bl	80000ce <_ZdlPv>
 8000c94:	1c20      	adds	r0, r4, #0
 8000c96:	bd10      	pop	{r4, pc}
 8000c98:	08000e58 	.word	0x08000e58

08000c9c <_ZN8quan_apm3gpsD0Ev>:
 8000c9c:	b510      	push	{r4, lr}
 8000c9e:	4b03      	ldr	r3, [pc, #12]	; (8000cac <_ZN8quan_apm3gpsD0Ev+0x10>)
 8000ca0:	1c04      	adds	r4, r0, #0
 8000ca2:	6003      	str	r3, [r0, #0]
 8000ca4:	f7ff fa13 	bl	80000ce <_ZdlPv>
 8000ca8:	1c20      	adds	r0, r4, #0
 8000caa:	bd10      	pop	{r4, pc}
 8000cac:	08000e58 	.word	0x08000e58

08000cb0 <_ZNK4quan11impl_detail23arithmetic_convert_implIlfvEclERKf>:
 8000cb0:	b573      	push	{r0, r1, r4, r5, r6, lr}
 8000cb2:	680c      	ldr	r4, [r1, #0]
 8000cb4:	21cf      	movs	r1, #207	; 0xcf
 8000cb6:	1c20      	adds	r0, r4, #0
 8000cb8:	0609      	lsls	r1, r1, #24
 8000cba:	f7ff fbdb 	bl	8000474 <__aeabi_fcmpge>
 8000cbe:	2800      	cmp	r0, #0
 8000cc0:	d006      	beq.n	8000cd0 <_ZNK4quan11impl_detail23arithmetic_convert_implIlfvEclERKf+0x20>
 8000cc2:	229e      	movs	r2, #158	; 0x9e
 8000cc4:	1c20      	adds	r0, r4, #0
 8000cc6:	05d1      	lsls	r1, r2, #23
 8000cc8:	f7ff fbc0 	bl	800044c <__aeabi_fcmple>
 8000ccc:	2800      	cmp	r0, #0
 8000cce:	d109      	bne.n	8000ce4 <_ZNK4quan11impl_detail23arithmetic_convert_implIlfvEclERKf+0x34>
 8000cd0:	1c20      	adds	r0, r4, #0
 8000cd2:	2100      	movs	r1, #0
 8000cd4:	f7ff fbc4 	bl	8000460 <__aeabi_fcmpgt>
 8000cd8:	1e43      	subs	r3, r0, #1
 8000cda:	4198      	sbcs	r0, r3
 8000cdc:	2380      	movs	r3, #128	; 0x80
 8000cde:	061d      	lsls	r5, r3, #24
 8000ce0:	1a28      	subs	r0, r5, r0
 8000ce2:	e02e      	b.n	8000d42 <_ZNK4quan11impl_detail23arithmetic_convert_implIlfvEclERKf+0x92>
 8000ce4:	1c20      	adds	r0, r4, #0
 8000ce6:	2100      	movs	r1, #0
 8000ce8:	f7ff fbc4 	bl	8000474 <__aeabi_fcmpge>
 8000cec:	2800      	cmp	r0, #0
 8000cee:	d022      	beq.n	8000d36 <_ZNK4quan11impl_detail23arithmetic_convert_implIlfvEclERKf+0x86>
 8000cf0:	1c20      	adds	r0, r4, #0
 8000cf2:	2501      	movs	r5, #1
 8000cf4:	2200      	movs	r2, #0
 8000cf6:	a901      	add	r1, sp, #4
 8000cf8:	9201      	str	r2, [sp, #4]
 8000cfa:	f000 f889 	bl	8000e10 <modff>
 8000cfe:	23fc      	movs	r3, #252	; 0xfc
 8000d00:	0599      	lsls	r1, r3, #22
 8000d02:	1c06      	adds	r6, r0, #0
 8000d04:	f7ff fb98 	bl	8000438 <__aeabi_fcmplt>
 8000d08:	2800      	cmp	r0, #0
 8000d0a:	d10b      	bne.n	8000d24 <_ZNK4quan11impl_detail23arithmetic_convert_implIlfvEclERKf+0x74>
 8000d0c:	21fc      	movs	r1, #252	; 0xfc
 8000d0e:	1c30      	adds	r0, r6, #0
 8000d10:	0589      	lsls	r1, r1, #22
 8000d12:	f7ff fba5 	bl	8000460 <__aeabi_fcmpgt>
 8000d16:	2800      	cmp	r0, #0
 8000d18:	d108      	bne.n	8000d2c <_ZNK4quan11impl_detail23arithmetic_convert_implIlfvEclERKf+0x7c>
 8000d1a:	9801      	ldr	r0, [sp, #4]
 8000d1c:	f7ff fe46 	bl	80009ac <__aeabi_f2iz>
 8000d20:	07c3      	lsls	r3, r0, #31
 8000d22:	d403      	bmi.n	8000d2c <_ZNK4quan11impl_detail23arithmetic_convert_implIlfvEclERKf+0x7c>
 8000d24:	1c20      	adds	r0, r4, #0
 8000d26:	f7ff fe41 	bl	80009ac <__aeabi_f2iz>
 8000d2a:	e00a      	b.n	8000d42 <_ZNK4quan11impl_detail23arithmetic_convert_implIlfvEclERKf+0x92>
 8000d2c:	1c20      	adds	r0, r4, #0
 8000d2e:	f7ff fe3d 	bl	80009ac <__aeabi_f2iz>
 8000d32:	1940      	adds	r0, r0, r5
 8000d34:	e005      	b.n	8000d42 <_ZNK4quan11impl_detail23arithmetic_convert_implIlfvEclERKf+0x92>
 8000d36:	2080      	movs	r0, #128	; 0x80
 8000d38:	0606      	lsls	r6, r0, #24
 8000d3a:	2101      	movs	r1, #1
 8000d3c:	19a0      	adds	r0, r4, r6
 8000d3e:	424d      	negs	r5, r1
 8000d40:	e7d8      	b.n	8000cf4 <_ZNK4quan11impl_detail23arithmetic_convert_implIlfvEclERKf+0x44>
 8000d42:	bd76      	pop	{r1, r2, r4, r5, r6, pc}

08000d44 <_ZNK6my_gps12get_positionEv>:
 8000d44:	b537      	push	{r0, r1, r2, r4, r5, lr}
 8000d46:	1c04      	adds	r4, r0, #0
 8000d48:	2500      	movs	r5, #0
 8000d4a:	a901      	add	r1, sp, #4
 8000d4c:	4668      	mov	r0, sp
 8000d4e:	9501      	str	r5, [sp, #4]
 8000d50:	f7ff ffae 	bl	8000cb0 <_ZNK4quan11impl_detail23arithmetic_convert_implIlfvEclERKf>
 8000d54:	a901      	add	r1, sp, #4
 8000d56:	6020      	str	r0, [r4, #0]
 8000d58:	4668      	mov	r0, sp
 8000d5a:	9501      	str	r5, [sp, #4]
 8000d5c:	f7ff ffa8 	bl	8000cb0 <_ZNK4quan11impl_detail23arithmetic_convert_implIlfvEclERKf>
 8000d60:	a901      	add	r1, sp, #4
 8000d62:	6060      	str	r0, [r4, #4]
 8000d64:	4668      	mov	r0, sp
 8000d66:	9501      	str	r5, [sp, #4]
 8000d68:	f7ff ffa2 	bl	8000cb0 <_ZNK4quan11impl_detail23arithmetic_convert_implIlfvEclERKf>
 8000d6c:	60a0      	str	r0, [r4, #8]
 8000d6e:	1c20      	adds	r0, r4, #0
 8000d70:	bd3e      	pop	{r1, r2, r3, r4, r5, pc}
	...

08000d74 <__errno>:
 8000d74:	4b01      	ldr	r3, [pc, #4]	; (8000d7c <__errno+0x8>)
 8000d76:	6818      	ldr	r0, [r3, #0]
 8000d78:	4770      	bx	lr
 8000d7a:	46c0      	nop			; (mov r8, r8)
 8000d7c:	20000440 	.word	0x20000440

08000d80 <__libc_init_array>:
 8000d80:	b5f8      	push	{r3, r4, r5, r6, r7, lr}
 8000d82:	4f1f      	ldr	r7, [pc, #124]	; (8000e00 <__libc_init_array+0x80>)
 8000d84:	4c1f      	ldr	r4, [pc, #124]	; (8000e04 <__libc_init_array+0x84>)
 8000d86:	1b38      	subs	r0, r7, r4
 8000d88:	1087      	asrs	r7, r0, #2
 8000d8a:	d018      	beq.n	8000dbe <__libc_init_array+0x3e>
 8000d8c:	2201      	movs	r2, #1
 8000d8e:	1e7b      	subs	r3, r7, #1
 8000d90:	1c15      	adds	r5, r2, #0
 8000d92:	cc02      	ldmia	r4!, {r1}
 8000d94:	2601      	movs	r6, #1
 8000d96:	401d      	ands	r5, r3
 8000d98:	4788      	blx	r1
 8000d9a:	42b7      	cmp	r7, r6
 8000d9c:	d00f      	beq.n	8000dbe <__libc_init_array+0x3e>
 8000d9e:	2d00      	cmp	r5, #0
 8000da0:	d004      	beq.n	8000dac <__libc_init_array+0x2c>
 8000da2:	cc40      	ldmia	r4!, {r6}
 8000da4:	47b0      	blx	r6
 8000da6:	2602      	movs	r6, #2
 8000da8:	42b7      	cmp	r7, r6
 8000daa:	d008      	beq.n	8000dbe <__libc_init_array+0x3e>
 8000dac:	1c25      	adds	r5, r4, #0
 8000dae:	cd01      	ldmia	r5!, {r0}
 8000db0:	4780      	blx	r0
 8000db2:	3602      	adds	r6, #2
 8000db4:	6863      	ldr	r3, [r4, #4]
 8000db6:	4798      	blx	r3
 8000db8:	1d2c      	adds	r4, r5, #4
 8000dba:	42b7      	cmp	r7, r6
 8000dbc:	d1f6      	bne.n	8000dac <__libc_init_array+0x2c>
 8000dbe:	f000 f873 	bl	8000ea8 <_init>
 8000dc2:	4f11      	ldr	r7, [pc, #68]	; (8000e08 <__libc_init_array+0x88>)
 8000dc4:	4c11      	ldr	r4, [pc, #68]	; (8000e0c <__libc_init_array+0x8c>)
 8000dc6:	1b3a      	subs	r2, r7, r4
 8000dc8:	1097      	asrs	r7, r2, #2
 8000dca:	d018      	beq.n	8000dfe <__libc_init_array+0x7e>
 8000dcc:	2601      	movs	r6, #1
 8000dce:	1e79      	subs	r1, r7, #1
 8000dd0:	1c35      	adds	r5, r6, #0
 8000dd2:	cc01      	ldmia	r4!, {r0}
 8000dd4:	2601      	movs	r6, #1
 8000dd6:	400d      	ands	r5, r1
 8000dd8:	4780      	blx	r0
 8000dda:	42b7      	cmp	r7, r6
 8000ddc:	d00f      	beq.n	8000dfe <__libc_init_array+0x7e>
 8000dde:	2d00      	cmp	r5, #0
 8000de0:	d004      	beq.n	8000dec <__libc_init_array+0x6c>
 8000de2:	cc08      	ldmia	r4!, {r3}
 8000de4:	2602      	movs	r6, #2
 8000de6:	4798      	blx	r3
 8000de8:	42b7      	cmp	r7, r6
 8000dea:	d008      	beq.n	8000dfe <__libc_init_array+0x7e>
 8000dec:	1c25      	adds	r5, r4, #0
 8000dee:	cd04      	ldmia	r5!, {r2}
 8000df0:	4790      	blx	r2
 8000df2:	3602      	adds	r6, #2
 8000df4:	6861      	ldr	r1, [r4, #4]
 8000df6:	4788      	blx	r1
 8000df8:	1d2c      	adds	r4, r5, #4
 8000dfa:	42b7      	cmp	r7, r6
 8000dfc:	d1f6      	bne.n	8000dec <__libc_init_array+0x6c>
 8000dfe:	bdf8      	pop	{r3, r4, r5, r6, r7, pc}
 8000e00:	08000ec0 	.word	0x08000ec0
 8000e04:	08000ec0 	.word	0x08000ec0
 8000e08:	08000ec4 	.word	0x08000ec4
 8000e0c:	08000ec0 	.word	0x08000ec0

08000e10 <modff>:
 8000e10:	0042      	lsls	r2, r0, #1
 8000e12:	0e12      	lsrs	r2, r2, #24
 8000e14:	3a7f      	subs	r2, #127	; 0x7f
 8000e16:	b510      	push	{r4, lr}
 8000e18:	1c03      	adds	r3, r0, #0
 8000e1a:	2a16      	cmp	r2, #22
 8000e1c:	dc0b      	bgt.n	8000e36 <modff+0x26>
 8000e1e:	2a00      	cmp	r2, #0
 8000e20:	db0d      	blt.n	8000e3e <modff+0x2e>
 8000e22:	4c09      	ldr	r4, [pc, #36]	; (8000e48 <modff+0x38>)
 8000e24:	4114      	asrs	r4, r2
 8000e26:	4220      	tst	r0, r4
 8000e28:	d005      	beq.n	8000e36 <modff+0x26>
 8000e2a:	43a3      	bics	r3, r4
 8000e2c:	600b      	str	r3, [r1, #0]
 8000e2e:	1c19      	adds	r1, r3, #0
 8000e30:	f7ff fbe2 	bl	80005f8 <__aeabi_fsub>
 8000e34:	e002      	b.n	8000e3c <modff+0x2c>
 8000e36:	6008      	str	r0, [r1, #0]
 8000e38:	0fd8      	lsrs	r0, r3, #31
 8000e3a:	07c0      	lsls	r0, r0, #31
 8000e3c:	bd10      	pop	{r4, pc}
 8000e3e:	0fc3      	lsrs	r3, r0, #31
 8000e40:	07dc      	lsls	r4, r3, #31
 8000e42:	600c      	str	r4, [r1, #0]
 8000e44:	e7fa      	b.n	8000e3c <modff+0x2c>
 8000e46:	46c0      	nop			; (mov r8, r8)
 8000e48:	007fffff 	.word	0x007fffff
 8000e4c:	00000000 	.word	0x00000000

08000e50 <_ZTVN8quan_apm3gpsE>:
	...
 8000e58:	08000c4d 08000c9d 080000c9 080000c9     M...............
 8000e68:	080000c9 080000c9 080000c9 00000000     ................

08000e78 <_ZTV6my_gps>:
	...
 8000e80:	08000c7d 08000c89 08000d45 08000c59     }.......E...Y...
 8000e90:	08000c63 08000c6d 08000c73 00000000     c...m...s.......
 8000ea0:	00000043                                C...

08000ea4 <_global_impure_ptr>:
 8000ea4:	20000018                                ... 

08000ea8 <_init>:
 8000ea8:	b5f8      	push	{r3, r4, r5, r6, r7, lr}
 8000eaa:	46c0      	nop			; (mov r8, r8)
 8000eac:	bcf8      	pop	{r3, r4, r5, r6, r7}
 8000eae:	bc08      	pop	{r3}
 8000eb0:	469e      	mov	lr, r3
 8000eb2:	4770      	bx	lr

08000eb4 <_fini>:
 8000eb4:	b5f8      	push	{r3, r4, r5, r6, r7, lr}
 8000eb6:	46c0      	nop			; (mov r8, r8)
 8000eb8:	bcf8      	pop	{r3, r4, r5, r6, r7}
 8000eba:	bc08      	pop	{r3}
 8000ebc:	469e      	mov	lr, r3
 8000ebe:	4770      	bx	lr
